<?xml version="1.0" encoding="UTF-8"?>
<testsuite xmlns:xsi="http://www.w3.org/2001/XMLSchema-instance" xsi:noNamespaceSchemaLocation="https://maven.apache.org/surefire/maven-surefire-plugin/xsd/surefire-test-report-3.0.xsd" version="3.0" name="digital_board.digital_board.DigitalBoardApplicationTests" time="38.954" tests="1" errors="0" skipped="0" failures="0">
  <properties>
[...]
</properties>
  <testcase name="contextLoads" classname="digital_board.digital_board.DigitalBoardApplicationTests" time="1.715">
    <system-out><![CDATA[DEBUG StatusConsoleListener Apache Log4j Core 2.20 initializing configuration XmlConfiguration[location=D:\Resume Projects\digital_notice_board\Backend\target\classes\log4j2.xml]
DEBUG StatusConsoleListener PluginManager 'Core' found 131 plugins
DEBUG StatusConsoleListener PluginManager 'Level' found 0 plugins
DEBUG StatusConsoleListener PluginManager 'Lookup' found 17 plugins
DEBUG StatusConsoleListener Building Plugin[name=layout, class=org.apache.logging.log4j.core.layout.PatternLayout].
TRACE StatusConsoleListener TypeConverterRegistry initializing.
DEBUG StatusConsoleListener PluginManager 'TypeConverter' found 26 plugins
DEBUG StatusConsoleListener PatternLayout$Builder(pattern="%style{%d{ISO8601}}{blue} %highlight{%-5level} [%style{%t}{bright,yellow}] : %style{%msg}{cyan}%n%throwable", PatternSelector=null, Configuration(D:\Resume Projects\digital_notice_board\Backend\target\classes\log4j2.xml), Replace=null, charset="null", alwaysWriteExceptions="null", disableAnsi="false", noConsoleNoAnsi="null", header="null", footer="null")
DEBUG StatusConsoleListener PluginManager 'Converter' found 48 plugins
DEBUG StatusConsoleListener Building Plugin[name=appender, class=org.apache.logging.log4j.core.appender.ConsoleAppender].
DEBUG StatusConsoleListener ConsoleAppender$Builder(target="SYSTEM_OUT", follow="null", direct="null", bufferedIo="null", bufferSize="null", immediateFlush="null", ignoreExceptions="null", PatternLayout(%style{%d{ISO8601}}{blue} %highlight{%-5level} [%style{%t}{bright,yellow}] : %style{%msg}{cyan}%n%throwable), name="ConsoleOutput", Configuration(D:\Resume Projects\digital_notice_board\Backend\target\classes\log4j2.xml), Filter=null, ={})
DEBUG StatusConsoleListener Starting OutputStreamManager SYSTEM_OUT.false.false
DEBUG StatusConsoleListener Building Plugin[name=layout, class=org.apache.logging.log4j.core.layout.PatternLayout].
DEBUG StatusConsoleListener PatternLayout$Builder(pattern="%d %p %c{1.} [%t] %m%n", PatternSelector=null, Configuration(D:\Resume Projects\digital_notice_board\Backend\target\classes\log4j2.xml), Replace=null, charset="null", alwaysWriteExceptions="null", disableAnsi="null", noConsoleNoAnsi="null", header="null", footer="null")
DEBUG StatusConsoleListener Building Plugin[name=appender, class=org.apache.logging.log4j.core.appender.FileAppender].
DEBUG StatusConsoleListener FileAppender$Builder(fileName="application.log", append="null", locking="null", advertise="null", advertiseUri="null", createOnDemand="null", filePermissions="null", fileOwner="null", fileGroup="null", bufferedIo="null", bufferSize="null", immediateFlush="null", ignoreExceptions="null", PatternLayout(%d %p %c{1.} [%t] %m%n), name="File", Configuration(D:\Resume Projects\digital_notice_board\Backend\target\classes\log4j2.xml), Filter=null, ={})
DEBUG StatusConsoleListener Starting FileManager application.log
DEBUG StatusConsoleListener Building Plugin[name=connectionSource, class=org.apache.logging.log4j.core.appender.db.jdbc.DriverManagerConnectionSource].
DEBUG StatusConsoleListener DriverManagerConnectionSource$Builder(connectionString="jdbc:postgresql://ldpg-clo3cof5felc73a1nong-a.oregon-postgres.render.com/digital_board", driverClassName="org.postgresql.Driver", password="[C@53de625d", ={}, userName="[C@535779e4")
DEBUG StatusConsoleListener Building Plugin[name=Column, class=org.apache.logging.log4j.core.appender.db.jdbc.ColumnConfig].
DEBUG StatusConsoleListener ColumnConfig$Builder(Configuration(D:\Resume Projects\digital_notice_board\Backend\target\classes\log4j2.xml), name="eventdate", pattern="null", literal="null", isEventTimestamp="true", isUnicode="null", isClob="null")
DEBUG StatusConsoleListener Building Plugin[name=Column, class=org.apache.logging.log4j.core.appender.db.jdbc.ColumnConfig].
DEBUG StatusConsoleListener ColumnConfig$Builder(Configuration(D:\Resume Projects\digital_notice_board\Backend\target\classes\log4j2.xml), name="level", pattern="%level", literal="null", isEventTimestamp="null", isUnicode="false", isClob="null")
DEBUG StatusConsoleListener Building Plugin[name=Column, class=org.apache.logging.log4j.core.appender.db.jdbc.ColumnConfig].
DEBUG StatusConsoleListener ColumnConfig$Builder(Configuration(D:\Resume Projects\digital_notice_board\Backend\target\classes\log4j2.xml), name="logger", pattern="%logger{36}", literal="null", isEventTimestamp="null", isUnicode="false", isClob="null")
DEBUG StatusConsoleListener Building Plugin[name=Column, class=org.apache.logging.log4j.core.appender.db.jdbc.ColumnConfig].
DEBUG StatusConsoleListener ColumnConfig$Builder(Configuration(D:\Resume Projects\digital_notice_board\Backend\target\classes\log4j2.xml), name="useremail", pattern="%X{useremail}", literal="null", isEventTimestamp="null", isUnicode="false", isClob="null")
DEBUG StatusConsoleListener Building Plugin[name=Column, class=org.apache.logging.log4j.core.appender.db.jdbc.ColumnConfig].
DEBUG StatusConsoleListener ColumnConfig$Builder(Configuration(D:\Resume Projects\digital_notice_board\Backend\target\classes\log4j2.xml), name="path", pattern="%X{path}", literal="null", isEventTimestamp="null", isUnicode="false", isClob="null")
DEBUG StatusConsoleListener Building Plugin[name=Column, class=org.apache.logging.log4j.core.appender.db.jdbc.ColumnConfig].
DEBUG StatusConsoleListener ColumnConfig$Builder(Configuration(D:\Resume Projects\digital_notice_board\Backend\target\classes\log4j2.xml), name="message", pattern="%message", literal="null", isEventTimestamp="null", isUnicode="false", isClob="null")
DEBUG StatusConsoleListener Building Plugin[name=Column, class=org.apache.logging.log4j.core.appender.db.jdbc.ColumnConfig].
DEBUG StatusConsoleListener ColumnConfig$Builder(Configuration(D:\Resume Projects\digital_notice_board\Backend\target\classes\log4j2.xml), name="exception", pattern="%exception", literal="null", isEventTimestamp="null", isUnicode="false", isClob="null")
DEBUG StatusConsoleListener Building Plugin[name=filter, class=org.apache.logging.log4j.core.filter.ThresholdFilter].
DEBUG StatusConsoleListener createFilter(level="WARN", onMatch="DENY", onMismatch="NEUTRAL")
DEBUG StatusConsoleListener Building Plugin[name=filter, class=org.apache.logging.log4j.core.filter.RegexFilter].
DEBUG StatusConsoleListener createFilter(regex="Start.*", ={}, useRawMsg="false", onMatch="DENY", onMismatch="NEUTRAL")
DEBUG StatusConsoleListener Building Plugin[name=filter, class=org.apache.logging.log4j.core.filter.RegexFilter].
DEBUG StatusConsoleListener createFilter(regex="End.*", ={}, useRawMsg="false", onMatch="DENY", onMismatch="NEUTRAL")
DEBUG StatusConsoleListener Building Plugin[name=filter, class=org.apache.logging.log4j.core.filter.RegexFilter].
DEBUG StatusConsoleListener createFilter(regex="Start User Controller.*", ={}, useRawMsg="false", onMatch="DENY", onMismatch="NEUTRAL")
DEBUG StatusConsoleListener Building Plugin[name=filter, class=org.apache.logging.log4j.core.filter.RegexFilter].
DEBUG StatusConsoleListener createFilter(regex="Starting DigitalBoardApplication.*", ={}, useRawMsg="false", onMatch="DENY", onMismatch="NEUTRAL")
DEBUG StatusConsoleListener Building Plugin[name=filter, class=org.apache.logging.log4j.core.filter.RegexFilter].
DEBUG StatusConsoleListener createFilter(regex="Started DigitalBoardApplication.*", ={}, useRawMsg="false", onMatch="DENY", onMismatch="NEUTRAL")
DEBUG StatusConsoleListener Building Plugin[name=filter, class=org.apache.logging.log4j.core.filter.RegexFilter].
DEBUG StatusConsoleListener createFilter(regex="No active profile set.*", ={}, useRawMsg="false", onMatch="DENY", onMismatch="NEUTRAL")
DEBUG StatusConsoleListener Building Plugin[name=filters, class=org.apache.logging.log4j.core.filter.CompositeFilter].
DEBUG StatusConsoleListener createFilters(={WARN, useRaw=false, pattern=Start.*, useRaw=false, pattern=End.*, useRaw=false, pattern=Start User Controller.*, useRaw=false, pattern=Starting DigitalBoardApplication.*, useRaw=false, pattern=Started DigitalBoardApplication.*, useRaw=false, pattern=No active profile set.*})
DEBUG StatusConsoleListener Building Plugin[name=appender, class=org.apache.logging.log4j.core.appender.db.jdbc.JdbcAppender].
DEBUG StatusConsoleListener JdbcAppender$Builder(DriverManager(jdbc:postgresql://ldpg-clo3cof5felc73a1nong-a.oregon-postgres.render.com/digital_board), immediateFail="null", bufferSize="null", tableName="event_logs", ={{ name=eventdate, layout=null, literal=null, timestamp=true }, { name=level, layout=%level, literal=null, timestamp=false }, { name=logger, layout=%logger{36}, literal=null, timestamp=false }, { name=useremail, layout=%X{useremail}, literal=null, timestamp=false }, { name=path, layout=%X{path}, literal=null, timestamp=false }, { name=message, layout=%message, literal=null, timestamp=false }, { name=exception, layout=%exception, literal=null, timestamp=false }}, ={}, truncateStrings="null", reconnectIntervalMillis="null", ignoreExceptions="null", Layout=null, name="dbLogsStore", Configuration(D:\Resume Projects\digital_notice_board\Backend\target\classes\log4j2.xml), Filters({WARN, useRaw=false, pattern=Start.*, useRaw=false, pattern=End.*, useRaw=false, pattern=Start User Controller.*, useRaw=false, pattern=Starting DigitalBoardApplication.*, useRaw=false, pattern=Started DigitalBoardApplication.*, useRaw=false, pattern=No active profile set.*}), ={})
TRACE StatusConsoleListener Appending INSERT ColumnConfig[1]: eventdate={ name=eventdate, layout=null, literal=null, timestamp=true } 
TRACE StatusConsoleListener Appending INSERT ColumnConfig[2]: level={ name=level, layout=%level, literal=null, timestamp=false } 
TRACE StatusConsoleListener Appending INSERT ColumnConfig[3]: logger={ name=logger, layout=%logger{36}, literal=null, timestamp=false } 
TRACE StatusConsoleListener Appending INSERT ColumnConfig[4]: useremail={ name=useremail, layout=%X{useremail}, literal=null, timestamp=false } 
TRACE StatusConsoleListener Appending INSERT ColumnConfig[5]: path={ name=path, layout=%X{path}, literal=null, timestamp=false } 
TRACE StatusConsoleListener Appending INSERT ColumnConfig[6]: message={ name=message, layout=%message, literal=null, timestamp=false } 
TRACE StatusConsoleListener Appending INSERT ColumnConfig[7]: exception={ name=exception, layout=%exception, literal=null, timestamp=false } 
DEBUG StatusConsoleListener Starting JdbcDatabaseManager JdbcManager{name=dbLogsStore, bufferSize=0, tableName=event_logs, columnConfigs=[{ name=eventdate, layout=null, literal=null, timestamp=true }, { name=level, layout=%level, literal=null, timestamp=false }, { name=logger, layout=%logger{36}, literal=null, timestamp=false }, { name=useremail, layout=%X{useremail}, literal=null, timestamp=false }, { name=path, layout=%X{path}, literal=null, timestamp=false }, { name=message, layout=%message, literal=null, timestamp=false }, { name=exception, layout=%exception, literal=null, timestamp=false }], columnMappings=[]}
DEBUG StatusConsoleListener Building Plugin[name=appenders, class=org.apache.logging.log4j.core.config.AppendersPlugin].
DEBUG StatusConsoleListener createAppenders(={ConsoleOutput, File, dbLogsStore{ manager=JdbcManager{name=dbLogsStore, bufferSize=0, tableName=event_logs, columnConfigs=[{ name=eventdate, layout=null, literal=null, timestamp=true }, { name=level, layout=%level, literal=null, timestamp=false }, { name=logger, layout=%logger{36}, literal=null, timestamp=false }, { name=useremail, layout=%X{useremail}, literal=null, timestamp=false }, { name=path, layout=%X{path}, literal=null, timestamp=false }, { name=message, layout=%message, literal=null, timestamp=false }, { name=exception, layout=%exception, literal=null, timestamp=false }], columnMappings=[]} }})
DEBUG StatusConsoleListener Building Plugin[name=AppenderRef, class=org.apache.logging.log4j.core.config.AppenderRef].
DEBUG StatusConsoleListener createAppenderRef(ref="dbLogsStore", level="null", Filter=null)
DEBUG StatusConsoleListener Building Plugin[name=appender-ref, class=org.apache.logging.log4j.core.config.AppenderRef].
DEBUG StatusConsoleListener createAppenderRef(ref="ConsoleOutput", level="null", Filter=null)
DEBUG StatusConsoleListener Building Plugin[name=logger, class=org.apache.logging.log4j.core.config.LoggerConfig].
DEBUG StatusConsoleListener LoggerConfig$Builder(additivity="false", level="INFO", levelAndRefs="null", name="digital_board.digital_board", includeLocation="null", ={dbLogsStore, ConsoleOutput}, ={}, Configuration(D:\Resume Projects\digital_notice_board\Backend\target\classes\log4j2.xml), Filter=null)
DEBUG StatusConsoleListener Building Plugin[name=AppenderRef, class=org.apache.logging.log4j.core.config.AppenderRef].
DEBUG StatusConsoleListener createAppenderRef(ref="ConsoleOutput", level="null", Filter=null)
DEBUG StatusConsoleListener Building Plugin[name=AppenderRef, class=org.apache.logging.log4j.core.config.AppenderRef].
DEBUG StatusConsoleListener createAppenderRef(ref="File", level="null", Filter=null)
DEBUG StatusConsoleListener Building Plugin[name=root, class=org.apache.logging.log4j.core.config.LoggerConfig$RootLogger].
DEBUG StatusConsoleListener LoggerConfig$RootLogger$Builder(additivity="false", level="INFO", levelAndRefs="null", includeLocation="null", ={ConsoleOutput, File}, ={}, Configuration(D:\Resume Projects\digital_notice_board\Backend\target\classes\log4j2.xml), Filter=null)
DEBUG StatusConsoleListener Building Plugin[name=loggers, class=org.apache.logging.log4j.core.config.LoggersPlugin].
DEBUG StatusConsoleListener createLoggers(={digital_board.digital_board, root})
DEBUG StatusConsoleListener Configuration XmlConfiguration[location=D:\Resume Projects\digital_notice_board\Backend\target\classes\log4j2.xml] initialized
DEBUG StatusConsoleListener Starting configuration XmlConfiguration[location=D:\Resume Projects\digital_notice_board\Backend\target\classes\log4j2.xml]
DEBUG StatusConsoleListener Started configuration XmlConfiguration[location=D:\Resume Projects\digital_notice_board\Backend\target\classes\log4j2.xml] OK.
TRACE StatusConsoleListener Stopping org.apache.logging.log4j.core.config.DefaultConfiguration@e3b3b2f...
TRACE StatusConsoleListener DefaultConfiguration notified 1 ReliabilityStrategies that config will be stopped.
TRACE StatusConsoleListener DefaultConfiguration stopping root LoggerConfig.
TRACE StatusConsoleListener DefaultConfiguration notifying ReliabilityStrategies that appenders will be stopped.
TRACE StatusConsoleListener DefaultConfiguration stopping remaining Appenders.
DEBUG StatusConsoleListener Shutting down OutputStreamManager SYSTEM_OUT.false.false-1
DEBUG StatusConsoleListener OutputStream closed
DEBUG StatusConsoleListener Shut down OutputStreamManager SYSTEM_OUT.false.false-1, all resources released: true
DEBUG StatusConsoleListener Appender DefaultConsole-1 stopped with status true
TRACE StatusConsoleListener DefaultConfiguration stopped 1 remaining Appenders.
TRACE StatusConsoleListener DefaultConfiguration cleaning Appenders from 1 LoggerConfigs.
DEBUG StatusConsoleListener Stopped org.apache.logging.log4j.core.config.DefaultConfiguration@e3b3b2f OK
TRACE StatusConsoleListener Reregistering MBeans after reconfigure. Selector=org.apache.logging.log4j.core.selector.ClassLoaderContextSelector@68fa0ba8
TRACE StatusConsoleListener Reregistering context (1/1): '73d16e93' org.apache.logging.log4j.core.LoggerContext@6c5945a7
TRACE StatusConsoleListener Unregistering but no MBeans found matching 'org.apache.logging.log4j2:type=73d16e93'
TRACE StatusConsoleListener Unregistering but no MBeans found matching 'org.apache.logging.log4j2:type=73d16e93,component=StatusLogger'
TRACE StatusConsoleListener Unregistering but no MBeans found matching 'org.apache.logging.log4j2:type=73d16e93,component=ContextSelector'
TRACE StatusConsoleListener Unregistering but no MBeans found matching 'org.apache.logging.log4j2:type=73d16e93,component=Loggers,name=*'
TRACE StatusConsoleListener Unregistering but no MBeans found matching 'org.apache.logging.log4j2:type=73d16e93,component=Appenders,name=*'
TRACE StatusConsoleListener Unregistering but no MBeans found matching 'org.apache.logging.log4j2:type=73d16e93,component=AsyncAppenders,name=*'
TRACE StatusConsoleListener Unregistering but no MBeans found matching 'org.apache.logging.log4j2:type=73d16e93,component=AsyncLoggerRingBuffer'
TRACE StatusConsoleListener Unregistering but no MBeans found matching 'org.apache.logging.log4j2:type=73d16e93,component=Loggers,name=*,subtype=RingBuffer'
DEBUG StatusConsoleListener Registering MBean org.apache.logging.log4j2:type=73d16e93
DEBUG StatusConsoleListener Registering MBean org.apache.logging.log4j2:type=73d16e93,component=StatusLogger
DEBUG StatusConsoleListener Registering MBean org.apache.logging.log4j2:type=73d16e93,component=ContextSelector
DEBUG StatusConsoleListener Registering MBean org.apache.logging.log4j2:type=73d16e93,component=Loggers,name=digital_board.digital_board
DEBUG StatusConsoleListener Registering MBean org.apache.logging.log4j2:type=73d16e93,component=Loggers,name=
DEBUG StatusConsoleListener Registering MBean org.apache.logging.log4j2:type=73d16e93,component=Appenders,name=dbLogsStore
DEBUG StatusConsoleListener Registering MBean org.apache.logging.log4j2:type=73d16e93,component=Appenders,name=ConsoleOutput
DEBUG StatusConsoleListener Registering MBean org.apache.logging.log4j2:type=73d16e93,component=Appenders,name=File
TRACE StatusConsoleListener Using default SystemClock for timestamps.
DEBUG StatusConsoleListener org.apache.logging.log4j.core.util.SystemClock supports precise timestamps.
TRACE StatusConsoleListener Using DummyNanoClock for nanosecond timestamps.
DEBUG StatusConsoleListener Reconfiguration complete for context[name=73d16e93] at URI D:\Resume Projects\digital_notice_board\Backend\target\classes\log4j2.xml (org.apache.logging.log4j.core.LoggerContext@6c5945a7) with optional ClassLoader: null
DEBUG StatusConsoleListener Shutdown hook enabled. Registering a new one.
DEBUG StatusConsoleListener LoggerContext[name=73d16e93, org.apache.logging.log4j.core.LoggerContext@6c5945a7] started OK.
&amp#27;[34m2024-06-25T11:22:31,908&amp#27;[m &amp#27;[32mINFO &amp#27;[m [&amp#27;[1;33mmain&amp#27;[m] : &amp#27;[36mCould not detect default configuration classes for test class [digital_board.digital_board.DigitalBoardApplicationTests]: DigitalBoardApplicationTests does not declare any static, non-private, non-final, nested classes annotated with @Configuration.&amp#27;[m
DEBUG StatusConsoleListener AsyncLogger.ThreadNameStrategy=UNCACHED (user specified null, default is UNCACHED)
TRACE StatusConsoleListener Using default SystemClock for timestamps.
DEBUG StatusConsoleListener org.apache.logging.log4j.core.util.SystemClock supports precise timestamps.
&amp#27;[34m2024-06-25T11:22:32,530&amp#27;[m &amp#27;[32mINFO &amp#27;[m [&amp#27;[1;33mmain&amp#27;[m] : &amp#27;[36mFound @SpringBootConfiguration digital_board.digital_board.DigitalBoardApplication for test class digital_board.digital_board.DigitalBoardApplicationTests&amp#27;[m
&amp#27;[34m2024-06-25T11:22:33,013&amp#27;[m &amp#27;[32mINFO &amp#27;[m [&amp#27;[1;33mmain&amp#27;[m] : &amp#27;[36mRestart disabled due to context in which it is running&amp#27;[m
DEBUG StatusConsoleListener Log4jBridgeHandler init. with: suffix='null', lvlProp=true, instance=org.apache.logging.log4j.jul.Log4jBridgeHandler@34cf5a97
DEBUG StatusConsoleListener Reconfiguration started for context[name=73d16e93] at URI null (org.apache.logging.log4j.core.LoggerContext@6c5945a7) with optional ClassLoader: null
DEBUG StatusConsoleListener Using configurationFactory org.apache.logging.log4j.core.config.ConfigurationFactory$Factory@68c87fc3
TRACE StatusConsoleListener Trying to find [log4j2-test73d16e93.properties] using context class loader jdk.internal.loader.ClassLoaders$AppClassLoader@73d16e93.
TRACE StatusConsoleListener Trying to find [log4j2-test73d16e93.properties] using jdk.internal.loader.ClassLoaders$AppClassLoader@73d16e93 class loader.
TRACE StatusConsoleListener Trying to find [log4j2-test73d16e93.properties] using jdk.internal.loader.ClassLoaders$AppClassLoader@73d16e93 class loader.
TRACE StatusConsoleListener Trying to find [log4j2-test73d16e93.properties] using ClassLoader.getSystemResource().
TRACE StatusConsoleListener Trying to find [log4j2-test73d16e93.yml] using context class loader jdk.internal.loader.ClassLoaders$AppClassLoader@73d16e93.
TRACE StatusConsoleListener Trying to find [log4j2-test73d16e93.yml] using jdk.internal.loader.ClassLoaders$AppClassLoader@73d16e93 class loader.
TRACE StatusConsoleListener Trying to find [log4j2-test73d16e93.yml] using jdk.internal.loader.ClassLoaders$AppClassLoader@73d16e93 class loader.
TRACE StatusConsoleListener Trying to find [log4j2-test73d16e93.yml] using ClassLoader.getSystemResource().
TRACE StatusConsoleListener Trying to find [log4j2-test73d16e93.yaml] using context class loader jdk.internal.loader.ClassLoaders$AppClassLoader@73d16e93.
TRACE StatusConsoleListener Trying to find [log4j2-test73d16e93.yaml] using jdk.internal.loader.ClassLoaders$AppClassLoader@73d16e93 class loader.
TRACE StatusConsoleListener Trying to find [log4j2-test73d16e93.yaml] using jdk.internal.loader.ClassLoaders$AppClassLoader@73d16e93 class loader.
TRACE StatusConsoleListener Trying to find [log4j2-test73d16e93.yaml] using ClassLoader.getSystemResource().
TRACE StatusConsoleListener Trying to find [log4j2-test73d16e93.json] using context class loader jdk.internal.loader.ClassLoaders$AppClassLoader@73d16e93.
TRACE StatusConsoleListener Trying to find [log4j2-test73d16e93.json] using jdk.internal.loader.ClassLoaders$AppClassLoader@73d16e93 class loader.
TRACE StatusConsoleListener Trying to find [log4j2-test73d16e93.json] using jdk.internal.loader.ClassLoaders$AppClassLoader@73d16e93 class loader.
TRACE StatusConsoleListener Trying to find [log4j2-test73d16e93.json] using ClassLoader.getSystemResource().
TRACE StatusConsoleListener Trying to find [log4j2-test73d16e93.jsn] using context class loader jdk.internal.loader.ClassLoaders$AppClassLoader@73d16e93.
TRACE StatusConsoleListener Trying to find [log4j2-test73d16e93.jsn] using jdk.internal.loader.ClassLoaders$AppClassLoader@73d16e93 class loader.
TRACE StatusConsoleListener Trying to find [log4j2-test73d16e93.jsn] using jdk.internal.loader.ClassLoaders$AppClassLoader@73d16e93 class loader.
TRACE StatusConsoleListener Trying to find [log4j2-test73d16e93.jsn] using ClassLoader.getSystemResource().
TRACE StatusConsoleListener Trying to find [log4j2-test73d16e93.xml] using context class loader jdk.internal.loader.ClassLoaders$AppClassLoader@73d16e93.
TRACE StatusConsoleListener Trying to find [log4j2-test73d16e93.xml] using jdk.internal.loader.ClassLoaders$AppClassLoader@73d16e93 class loader.
TRACE StatusConsoleListener Trying to find [log4j2-test73d16e93.xml] using jdk.internal.loader.ClassLoaders$AppClassLoader@73d16e93 class loader.
TRACE StatusConsoleListener Trying to find [log4j2-test73d16e93.xml] using ClassLoader.getSystemResource().
TRACE StatusConsoleListener Trying to find [log4j2-test73d16e93.springboot] using context class loader jdk.internal.loader.ClassLoaders$AppClassLoader@73d16e93.
TRACE StatusConsoleListener Trying to find [log4j2-test73d16e93.springboot] using jdk.internal.loader.ClassLoaders$AppClassLoader@73d16e93 class loader.
TRACE StatusConsoleListener Trying to find [log4j2-test73d16e93.springboot] using jdk.internal.loader.ClassLoaders$AppClassLoader@73d16e93 class loader.
TRACE StatusConsoleListener Trying to find [log4j2-test73d16e93.springboot] using ClassLoader.getSystemResource().
TRACE StatusConsoleListener Trying to find [log4j2-test.properties] using context class loader jdk.internal.loader.ClassLoaders$AppClassLoader@73d16e93.
TRACE StatusConsoleListener Trying to find [log4j2-test.properties] using jdk.internal.loader.ClassLoaders$AppClassLoader@73d16e93 class loader.
TRACE StatusConsoleListener Trying to find [log4j2-test.properties] using jdk.internal.loader.ClassLoaders$AppClassLoader@73d16e93 class loader.
TRACE StatusConsoleListener Trying to find [log4j2-test.properties] using ClassLoader.getSystemResource().
TRACE StatusConsoleListener Trying to find [log4j2-test.yml] using context class loader jdk.internal.loader.ClassLoaders$AppClassLoader@73d16e93.
TRACE StatusConsoleListener Trying to find [log4j2-test.yml] using jdk.internal.loader.ClassLoaders$AppClassLoader@73d16e93 class loader.
TRACE StatusConsoleListener Trying to find [log4j2-test.yml] using jdk.internal.loader.ClassLoaders$AppClassLoader@73d16e93 class loader.
TRACE StatusConsoleListener Trying to find [log4j2-test.yml] using ClassLoader.getSystemResource().
TRACE StatusConsoleListener Trying to find [log4j2-test.yaml] using context class loader jdk.internal.loader.ClassLoaders$AppClassLoader@73d16e93.
TRACE StatusConsoleListener Trying to find [log4j2-test.yaml] using jdk.internal.loader.ClassLoaders$AppClassLoader@73d16e93 class loader.
TRACE StatusConsoleListener Trying to find [log4j2-test.yaml] using jdk.internal.loader.ClassLoaders$AppClassLoader@73d16e93 class loader.
TRACE StatusConsoleListener Trying to find [log4j2-test.yaml] using ClassLoader.getSystemResource().
TRACE StatusConsoleListener Trying to find [log4j2-test.json] using context class loader jdk.internal.loader.ClassLoaders$AppClassLoader@73d16e93.
TRACE StatusConsoleListener Trying to find [log4j2-test.json] using jdk.internal.loader.ClassLoaders$AppClassLoader@73d16e93 class loader.
TRACE StatusConsoleListener Trying to find [log4j2-test.json] using jdk.internal.loader.ClassLoaders$AppClassLoader@73d16e93 class loader.
TRACE StatusConsoleListener Trying to find [log4j2-test.json] using ClassLoader.getSystemResource().
TRACE StatusConsoleListener Trying to find [log4j2-test.jsn] using context class loader jdk.internal.loader.ClassLoaders$AppClassLoader@73d16e93.
TRACE StatusConsoleListener Trying to find [log4j2-test.jsn] using jdk.internal.loader.ClassLoaders$AppClassLoader@73d16e93 class loader.
TRACE StatusConsoleListener Trying to find [log4j2-test.jsn] using jdk.internal.loader.ClassLoaders$AppClassLoader@73d16e93 class loader.
TRACE StatusConsoleListener Trying to find [log4j2-test.jsn] using ClassLoader.getSystemResource().
TRACE StatusConsoleListener Trying to find [log4j2-test.xml] using context class loader jdk.internal.loader.ClassLoaders$AppClassLoader@73d16e93.
TRACE StatusConsoleListener Trying to find [log4j2-test.xml] using jdk.internal.loader.ClassLoaders$AppClassLoader@73d16e93 class loader.
TRACE StatusConsoleListener Trying to find [log4j2-test.xml] using jdk.internal.loader.ClassLoaders$AppClassLoader@73d16e93 class loader.
TRACE StatusConsoleListener Trying to find [log4j2-test.xml] using ClassLoader.getSystemResource().
TRACE StatusConsoleListener Trying to find [log4j2-test.springboot] using context class loader jdk.internal.loader.ClassLoaders$AppClassLoader@73d16e93.
TRACE StatusConsoleListener Trying to find [log4j2-test.springboot] using jdk.internal.loader.ClassLoaders$AppClassLoader@73d16e93 class loader.
TRACE StatusConsoleListener Trying to find [log4j2-test.springboot] using jdk.internal.loader.ClassLoaders$AppClassLoader@73d16e93 class loader.
TRACE StatusConsoleListener Trying to find [log4j2-test.springboot] using ClassLoader.getSystemResource().
TRACE StatusConsoleListener Trying to find [log4j273d16e93.properties] using context class loader jdk.internal.loader.ClassLoaders$AppClassLoader@73d16e93.
TRACE StatusConsoleListener Trying to find [log4j273d16e93.properties] using jdk.internal.loader.ClassLoaders$AppClassLoader@73d16e93 class loader.
TRACE StatusConsoleListener Trying to find [log4j273d16e93.properties] using jdk.internal.loader.ClassLoaders$AppClassLoader@73d16e93 class loader.
TRACE StatusConsoleListener Trying to find [log4j273d16e93.properties] using ClassLoader.getSystemResource().
TRACE StatusConsoleListener Trying to find [log4j273d16e93.yml] using context class loader jdk.internal.loader.ClassLoaders$AppClassLoader@73d16e93.
TRACE StatusConsoleListener Trying to find [log4j273d16e93.yml] using jdk.internal.loader.ClassLoaders$AppClassLoader@73d16e93 class loader.
TRACE StatusConsoleListener Trying to find [log4j273d16e93.yml] using jdk.internal.loader.ClassLoaders$AppClassLoader@73d16e93 class loader.
TRACE StatusConsoleListener Trying to find [log4j273d16e93.yml] using ClassLoader.getSystemResource().
TRACE StatusConsoleListener Trying to find [log4j273d16e93.yaml] using context class loader jdk.internal.loader.ClassLoaders$AppClassLoader@73d16e93.
TRACE StatusConsoleListener Trying to find [log4j273d16e93.yaml] using jdk.internal.loader.ClassLoaders$AppClassLoader@73d16e93 class loader.
TRACE StatusConsoleListener Trying to find [log4j273d16e93.yaml] using jdk.internal.loader.ClassLoaders$AppClassLoader@73d16e93 class loader.
TRACE StatusConsoleListener Trying to find [log4j273d16e93.yaml] using ClassLoader.getSystemResource().
TRACE StatusConsoleListener Trying to find [log4j273d16e93.json] using context class loader jdk.internal.loader.ClassLoaders$AppClassLoader@73d16e93.
TRACE StatusConsoleListener Trying to find [log4j273d16e93.json] using jdk.internal.loader.ClassLoaders$AppClassLoader@73d16e93 class loader.
TRACE StatusConsoleListener Trying to find [log4j273d16e93.json] using jdk.internal.loader.ClassLoaders$AppClassLoader@73d16e93 class loader.
TRACE StatusConsoleListener Trying to find [log4j273d16e93.json] using ClassLoader.getSystemResource().
TRACE StatusConsoleListener Trying to find [log4j273d16e93.jsn] using context class loader jdk.internal.loader.ClassLoaders$AppClassLoader@73d16e93.
TRACE StatusConsoleListener Trying to find [log4j273d16e93.jsn] using jdk.internal.loader.ClassLoaders$AppClassLoader@73d16e93 class loader.
TRACE StatusConsoleListener Trying to find [log4j273d16e93.jsn] using jdk.internal.loader.ClassLoaders$AppClassLoader@73d16e93 class loader.
TRACE StatusConsoleListener Trying to find [log4j273d16e93.jsn] using ClassLoader.getSystemResource().
TRACE StatusConsoleListener Trying to find [log4j273d16e93.xml] using context class loader jdk.internal.loader.ClassLoaders$AppClassLoader@73d16e93.
TRACE StatusConsoleListener Trying to find [log4j273d16e93.xml] using jdk.internal.loader.ClassLoaders$AppClassLoader@73d16e93 class loader.
TRACE StatusConsoleListener Trying to find [log4j273d16e93.xml] using jdk.internal.loader.ClassLoaders$AppClassLoader@73d16e93 class loader.
TRACE StatusConsoleListener Trying to find [log4j273d16e93.xml] using ClassLoader.getSystemResource().
TRACE StatusConsoleListener Trying to find [log4j273d16e93.springboot] using context class loader jdk.internal.loader.ClassLoaders$AppClassLoader@73d16e93.
TRACE StatusConsoleListener Trying to find [log4j273d16e93.springboot] using jdk.internal.loader.ClassLoaders$AppClassLoader@73d16e93 class loader.
TRACE StatusConsoleListener Trying to find [log4j273d16e93.springboot] using jdk.internal.loader.ClassLoaders$AppClassLoader@73d16e93 class loader.
TRACE StatusConsoleListener Trying to find [log4j273d16e93.springboot] using ClassLoader.getSystemResource().
TRACE StatusConsoleListener Trying to find [log4j2.properties] using context class loader jdk.internal.loader.ClassLoaders$AppClassLoader@73d16e93.
TRACE StatusConsoleListener Trying to find [log4j2.properties] using jdk.internal.loader.ClassLoaders$AppClassLoader@73d16e93 class loader.
TRACE StatusConsoleListener Trying to find [log4j2.properties] using jdk.internal.loader.ClassLoaders$AppClassLoader@73d16e93 class loader.
TRACE StatusConsoleListener Trying to find [log4j2.properties] using ClassLoader.getSystemResource().
TRACE StatusConsoleListener Trying to find [log4j2.yml] using context class loader jdk.internal.loader.ClassLoaders$AppClassLoader@73d16e93.
TRACE StatusConsoleListener Trying to find [log4j2.yml] using jdk.internal.loader.ClassLoaders$AppClassLoader@73d16e93 class loader.
TRACE StatusConsoleListener Trying to find [log4j2.yml] using jdk.internal.loader.ClassLoaders$AppClassLoader@73d16e93 class loader.
TRACE StatusConsoleListener Trying to find [log4j2.yml] using ClassLoader.getSystemResource().
TRACE StatusConsoleListener Trying to find [log4j2.yaml] using context class loader jdk.internal.loader.ClassLoaders$AppClassLoader@73d16e93.
TRACE StatusConsoleListener Trying to find [log4j2.yaml] using jdk.internal.loader.ClassLoaders$AppClassLoader@73d16e93 class loader.
TRACE StatusConsoleListener Trying to find [log4j2.yaml] using jdk.internal.loader.ClassLoaders$AppClassLoader@73d16e93 class loader.
TRACE StatusConsoleListener Trying to find [log4j2.yaml] using ClassLoader.getSystemResource().
TRACE StatusConsoleListener Trying to find [log4j2.json] using context class loader jdk.internal.loader.ClassLoaders$AppClassLoader@73d16e93.
TRACE StatusConsoleListener Trying to find [log4j2.json] using jdk.internal.loader.ClassLoaders$AppClassLoader@73d16e93 class loader.
TRACE StatusConsoleListener Trying to find [log4j2.json] using jdk.internal.loader.ClassLoaders$AppClassLoader@73d16e93 class loader.
TRACE StatusConsoleListener Trying to find [log4j2.json] using ClassLoader.getSystemResource().
TRACE StatusConsoleListener Trying to find [log4j2.jsn] using context class loader jdk.internal.loader.ClassLoaders$AppClassLoader@73d16e93.
TRACE StatusConsoleListener Trying to find [log4j2.jsn] using jdk.internal.loader.ClassLoaders$AppClassLoader@73d16e93 class loader.
TRACE StatusConsoleListener Trying to find [log4j2.jsn] using jdk.internal.loader.ClassLoaders$AppClassLoader@73d16e93 class loader.
TRACE StatusConsoleListener Trying to find [log4j2.jsn] using ClassLoader.getSystemResource().
TRACE StatusConsoleListener Trying to find [log4j2.xml] using context class loader jdk.internal.loader.ClassLoaders$AppClassLoader@73d16e93.
DEBUG StatusConsoleListener PluginManager 'Lookup' found 17 plugins
DEBUG StatusConsoleListener Closing BufferedInputStream java.io.BufferedInputStream@8d7b252
DEBUG StatusConsoleListener Apache Log4j Core 2.20 initializing configuration XmlConfiguration[location=D:\Resume Projects\digital_notice_board\Backend\target\classes\log4j2.xml]
DEBUG StatusConsoleListener PluginManager 'Core' found 131 plugins
DEBUG StatusConsoleListener PluginManager 'Level' found 0 plugins
DEBUG StatusConsoleListener PluginManager 'Lookup' found 17 plugins
DEBUG StatusConsoleListener Building Plugin[name=layout, class=org.apache.logging.log4j.core.layout.PatternLayout].
DEBUG StatusConsoleListener PatternLayout$Builder(pattern="%style{%d{ISO8601}}{blue} %highlight{%-5level} [%style{%t}{bright,yellow}] : %style{%msg}{cyan}%n%throwable", PatternSelector=null, Configuration(D:\Resume Projects\digital_notice_board\Backend\target\classes\log4j2.xml), Replace=null, charset="null", alwaysWriteExceptions="null", disableAnsi="false", noConsoleNoAnsi="null", header="null", footer="null")
DEBUG StatusConsoleListener PluginManager 'Converter' found 48 plugins
DEBUG StatusConsoleListener Building Plugin[name=appender, class=org.apache.logging.log4j.core.appender.ConsoleAppender].
DEBUG StatusConsoleListener ConsoleAppender$Builder(target="SYSTEM_OUT", follow="null", direct="null", bufferedIo="null", bufferSize="null", immediateFlush="null", ignoreExceptions="null", PatternLayout(%style{%d{ISO8601}}{blue} %highlight{%-5level} [%style{%t}{bright,yellow}] : %style{%msg}{cyan}%n%throwable), name="ConsoleOutput", Configuration(D:\Resume Projects\digital_notice_board\Backend\target\classes\log4j2.xml), Filter=null, ={})
DEBUG StatusConsoleListener Building Plugin[name=layout, class=org.apache.logging.log4j.core.layout.PatternLayout].
DEBUG StatusConsoleListener PatternLayout$Builder(pattern="%d %p %c{1.} [%t] %m%n", PatternSelector=null, Configuration(D:\Resume Projects\digital_notice_board\Backend\target\classes\log4j2.xml), Replace=null, charset="null", alwaysWriteExceptions="null", disableAnsi="null", noConsoleNoAnsi="null", header="null", footer="null")
DEBUG StatusConsoleListener Building Plugin[name=appender, class=org.apache.logging.log4j.core.appender.FileAppender].
DEBUG StatusConsoleListener FileAppender$Builder(fileName="application.log", append="null", locking="null", advertise="null", advertiseUri="null", createOnDemand="null", filePermissions="null", fileOwner="null", fileGroup="null", bufferedIo="null", bufferSize="null", immediateFlush="null", ignoreExceptions="null", PatternLayout(%d %p %c{1.} [%t] %m%n), name="File", Configuration(D:\Resume Projects\digital_notice_board\Backend\target\classes\log4j2.xml), Filter=null, ={})
DEBUG StatusConsoleListener Building Plugin[name=connectionSource, class=org.apache.logging.log4j.core.appender.db.jdbc.DriverManagerConnectionSource].
DEBUG StatusConsoleListener DriverManagerConnectionSource$Builder(connectionString="jdbc:postgresql://ldpg-clo3cof5felc73a1nong-a.oregon-postgres.render.com/digital_board", driverClassName="org.postgresql.Driver", password="[C@8bffb8b", ={}, userName="[C@21422231")
DEBUG StatusConsoleListener Building Plugin[name=Column, class=org.apache.logging.log4j.core.appender.db.jdbc.ColumnConfig].
DEBUG StatusConsoleListener ColumnConfig$Builder(Configuration(D:\Resume Projects\digital_notice_board\Backend\target\classes\log4j2.xml), name="eventdate", pattern="null", literal="null", isEventTimestamp="true", isUnicode="null", isClob="null")
DEBUG StatusConsoleListener Building Plugin[name=Column, class=org.apache.logging.log4j.core.appender.db.jdbc.ColumnConfig].
DEBUG StatusConsoleListener ColumnConfig$Builder(Configuration(D:\Resume Projects\digital_notice_board\Backend\target\classes\log4j2.xml), name="level", pattern="%level", literal="null", isEventTimestamp="null", isUnicode="false", isClob="null")
DEBUG StatusConsoleListener Building Plugin[name=Column, class=org.apache.logging.log4j.core.appender.db.jdbc.ColumnConfig].
DEBUG StatusConsoleListener ColumnConfig$Builder(Configuration(D:\Resume Projects\digital_notice_board\Backend\target\classes\log4j2.xml), name="logger", pattern="%logger{36}", literal="null", isEventTimestamp="null", isUnicode="false", isClob="null")
DEBUG StatusConsoleListener Building Plugin[name=Column, class=org.apache.logging.log4j.core.appender.db.jdbc.ColumnConfig].
DEBUG StatusConsoleListener ColumnConfig$Builder(Configuration(D:\Resume Projects\digital_notice_board\Backend\target\classes\log4j2.xml), name="useremail", pattern="%X{useremail}", literal="null", isEventTimestamp="null", isUnicode="false", isClob="null")
DEBUG StatusConsoleListener Building Plugin[name=Column, class=org.apache.logging.log4j.core.appender.db.jdbc.ColumnConfig].
DEBUG StatusConsoleListener ColumnConfig$Builder(Configuration(D:\Resume Projects\digital_notice_board\Backend\target\classes\log4j2.xml), name="path", pattern="%X{path}", literal="null", isEventTimestamp="null", isUnicode="false", isClob="null")
DEBUG StatusConsoleListener Building Plugin[name=Column, class=org.apache.logging.log4j.core.appender.db.jdbc.ColumnConfig].
DEBUG StatusConsoleListener ColumnConfig$Builder(Configuration(D:\Resume Projects\digital_notice_board\Backend\target\classes\log4j2.xml), name="message", pattern="%message", literal="null", isEventTimestamp="null", isUnicode="false", isClob="null")
DEBUG StatusConsoleListener Building Plugin[name=Column, class=org.apache.logging.log4j.core.appender.db.jdbc.ColumnConfig].
DEBUG StatusConsoleListener ColumnConfig$Builder(Configuration(D:\Resume Projects\digital_notice_board\Backend\target\classes\log4j2.xml), name="exception", pattern="%exception", literal="null", isEventTimestamp="null", isUnicode="false", isClob="null")
DEBUG StatusConsoleListener Building Plugin[name=filter, class=org.apache.logging.log4j.core.filter.ThresholdFilter].
DEBUG StatusConsoleListener createFilter(level="WARN", onMatch="DENY", onMismatch="NEUTRAL")
DEBUG StatusConsoleListener Building Plugin[name=filter, class=org.apache.logging.log4j.core.filter.RegexFilter].
DEBUG StatusConsoleListener createFilter(regex="Start.*", ={}, useRawMsg="false", onMatch="DENY", onMismatch="NEUTRAL")
DEBUG StatusConsoleListener Building Plugin[name=filter, class=org.apache.logging.log4j.core.filter.RegexFilter].
DEBUG StatusConsoleListener createFilter(regex="End.*", ={}, useRawMsg="false", onMatch="DENY", onMismatch="NEUTRAL")
DEBUG StatusConsoleListener Building Plugin[name=filter, class=org.apache.logging.log4j.core.filter.RegexFilter].
DEBUG StatusConsoleListener createFilter(regex="Start User Controller.*", ={}, useRawMsg="false", onMatch="DENY", onMismatch="NEUTRAL")
DEBUG StatusConsoleListener Building Plugin[name=filter, class=org.apache.logging.log4j.core.filter.RegexFilter].
DEBUG StatusConsoleListener createFilter(regex="Starting DigitalBoardApplication.*", ={}, useRawMsg="false", onMatch="DENY", onMismatch="NEUTRAL")
DEBUG StatusConsoleListener Building Plugin[name=filter, class=org.apache.logging.log4j.core.filter.RegexFilter].
DEBUG StatusConsoleListener createFilter(regex="Started DigitalBoardApplication.*", ={}, useRawMsg="false", onMatch="DENY", onMismatch="NEUTRAL")
DEBUG StatusConsoleListener Building Plugin[name=filter, class=org.apache.logging.log4j.core.filter.RegexFilter].
DEBUG StatusConsoleListener createFilter(regex="No active profile set.*", ={}, useRawMsg="false", onMatch="DENY", onMismatch="NEUTRAL")
DEBUG StatusConsoleListener Building Plugin[name=filters, class=org.apache.logging.log4j.core.filter.CompositeFilter].
DEBUG StatusConsoleListener createFilters(={WARN, useRaw=false, pattern=Start.*, useRaw=false, pattern=End.*, useRaw=false, pattern=Start User Controller.*, useRaw=false, pattern=Starting DigitalBoardApplication.*, useRaw=false, pattern=Started DigitalBoardApplication.*, useRaw=false, pattern=No active profile set.*})
DEBUG StatusConsoleListener Building Plugin[name=appender, class=org.apache.logging.log4j.core.appender.db.jdbc.JdbcAppender].
DEBUG StatusConsoleListener JdbcAppender$Builder(DriverManager(jdbc:postgresql://ldpg-clo3cof5felc73a1nong-a.oregon-postgres.render.com/digital_board), immediateFail="null", bufferSize="null", tableName="event_logs", ={{ name=eventdate, layout=null, literal=null, timestamp=true }, { name=level, layout=%level, literal=null, timestamp=false }, { name=logger, layout=%logger{36}, literal=null, timestamp=false }, { name=useremail, layout=%X{useremail}, literal=null, timestamp=false }, { name=path, layout=%X{path}, literal=null, timestamp=false }, { name=message, layout=%message, literal=null, timestamp=false }, { name=exception, layout=%exception, literal=null, timestamp=false }}, ={}, truncateStrings="null", reconnectIntervalMillis="null", ignoreExceptions="null", Layout=null, name="dbLogsStore", Configuration(D:\Resume Projects\digital_notice_board\Backend\target\classes\log4j2.xml), Filters({WARN, useRaw=false, pattern=Start.*, useRaw=false, pattern=End.*, useRaw=false, pattern=Start User Controller.*, useRaw=false, pattern=Starting DigitalBoardApplication.*, useRaw=false, pattern=Started DigitalBoardApplication.*, useRaw=false, pattern=No active profile set.*}), ={})
DEBUG StatusConsoleListener Building Plugin[name=appenders, class=org.apache.logging.log4j.core.config.AppendersPlugin].
DEBUG StatusConsoleListener createAppenders(={ConsoleOutput, File, dbLogsStore{ manager=JdbcManager{name=dbLogsStore, bufferSize=0, tableName=event_logs, columnConfigs=[{ name=eventdate, layout=null, literal=null, timestamp=true }, { name=level, layout=%level, literal=null, timestamp=false }, { name=logger, layout=%logger{36}, literal=null, timestamp=false }, { name=useremail, layout=%X{useremail}, literal=null, timestamp=false }, { name=path, layout=%X{path}, literal=null, timestamp=false }, { name=message, layout=%message, literal=null, timestamp=false }, { name=exception, layout=%exception, literal=null, timestamp=false }], columnMappings=[]} }})
DEBUG StatusConsoleListener Building Plugin[name=AppenderRef, class=org.apache.logging.log4j.core.config.AppenderRef].
DEBUG StatusConsoleListener createAppenderRef(ref="dbLogsStore", level="null", Filter=null)
DEBUG StatusConsoleListener Building Plugin[name=appender-ref, class=org.apache.logging.log4j.core.config.AppenderRef].
DEBUG StatusConsoleListener createAppenderRef(ref="ConsoleOutput", level="null", Filter=null)
DEBUG StatusConsoleListener Building Plugin[name=logger, class=org.apache.logging.log4j.core.config.LoggerConfig].
DEBUG StatusConsoleListener LoggerConfig$Builder(additivity="false", level="INFO", levelAndRefs="null", name="digital_board.digital_board", includeLocation="null", ={dbLogsStore, ConsoleOutput}, ={}, Configuration(D:\Resume Projects\digital_notice_board\Backend\target\classes\log4j2.xml), Filter=null)
DEBUG StatusConsoleListener Building Plugin[name=AppenderRef, class=org.apache.logging.log4j.core.config.AppenderRef].
DEBUG StatusConsoleListener createAppenderRef(ref="ConsoleOutput", level="null", Filter=null)
DEBUG StatusConsoleListener Building Plugin[name=AppenderRef, class=org.apache.logging.log4j.core.config.AppenderRef].
DEBUG StatusConsoleListener createAppenderRef(ref="File", level="null", Filter=null)
DEBUG StatusConsoleListener Building Plugin[name=root, class=org.apache.logging.log4j.core.config.LoggerConfig$RootLogger].
DEBUG StatusConsoleListener LoggerConfig$RootLogger$Builder(additivity="false", level="INFO", levelAndRefs="null", includeLocation="null", ={ConsoleOutput, File}, ={}, Configuration(D:\Resume Projects\digital_notice_board\Backend\target\classes\log4j2.xml), Filter=null)
DEBUG StatusConsoleListener Building Plugin[name=loggers, class=org.apache.logging.log4j.core.config.LoggersPlugin].
DEBUG StatusConsoleListener createLoggers(={digital_board.digital_board, root})
DEBUG StatusConsoleListener Configuration XmlConfiguration[location=D:\Resume Projects\digital_notice_board\Backend\target\classes\log4j2.xml] initialized
DEBUG StatusConsoleListener Starting configuration XmlConfiguration[location=D:\Resume Projects\digital_notice_board\Backend\target\classes\log4j2.xml]
DEBUG StatusConsoleListener Started configuration XmlConfiguration[location=D:\Resume Projects\digital_notice_board\Backend\target\classes\log4j2.xml] OK.
TRACE StatusConsoleListener Stopping XmlConfiguration[location=D:\Resume Projects\digital_notice_board\Backend\target\classes\log4j2.xml]...
TRACE StatusConsoleListener XmlConfiguration notified 3 ReliabilityStrategies that config will be stopped.
TRACE StatusConsoleListener XmlConfiguration stopping 2 LoggerConfigs.
TRACE StatusConsoleListener XmlConfiguration stopping root LoggerConfig.
TRACE StatusConsoleListener XmlConfiguration notifying ReliabilityStrategies that appenders will be stopped.
TRACE StatusConsoleListener XmlConfiguration stopping remaining Appenders.
DEBUG StatusConsoleListener Appender File stopped with status true
DEBUG StatusConsoleListener Appender ConsoleOutput stopped with status true
TRACE StatusConsoleListener XmlConfiguration stopped 3 remaining Appenders.
TRACE StatusConsoleListener XmlConfiguration cleaning Appenders from 3 LoggerConfigs.
DEBUG StatusConsoleListener Stopped XmlConfiguration[location=D:\Resume Projects\digital_notice_board\Backend\target\classes\log4j2.xml] OK
TRACE StatusConsoleListener Reregistering MBeans after reconfigure. Selector=org.apache.logging.log4j.core.selector.ClassLoaderContextSelector@68fa0ba8
TRACE StatusConsoleListener Reregistering context (1/1): '73d16e93' org.apache.logging.log4j.core.LoggerContext@6c5945a7
TRACE StatusConsoleListener Unregistering 1 MBeans: [org.apache.logging.log4j2:type=73d16e93]
TRACE StatusConsoleListener Unregistering 1 MBeans: [org.apache.logging.log4j2:type=73d16e93,component=StatusLogger]
TRACE StatusConsoleListener Unregistering 1 MBeans: [org.apache.logging.log4j2:type=73d16e93,component=ContextSelector]
TRACE StatusConsoleListener Unregistering 2 MBeans: [org.apache.logging.log4j2:type=73d16e93,component=Loggers,name=, org.apache.logging.log4j2:type=73d16e93,component=Loggers,name=digital_board.digital_board]
TRACE StatusConsoleListener Unregistering 3 MBeans: [org.apache.logging.log4j2:type=73d16e93,component=Appenders,name=dbLogsStore, org.apache.logging.log4j2:type=73d16e93,component=Appenders,name=File, org.apache.logging.log4j2:type=73d16e93,component=Appenders,name=ConsoleOutput]
TRACE StatusConsoleListener Unregistering but no MBeans found matching 'org.apache.logging.log4j2:type=73d16e93,component=AsyncAppenders,name=*'
TRACE StatusConsoleListener Unregistering but no MBeans found matching 'org.apache.logging.log4j2:type=73d16e93,component=AsyncLoggerRingBuffer'
TRACE StatusConsoleListener Unregistering but no MBeans found matching 'org.apache.logging.log4j2:type=73d16e93,component=Loggers,name=*,subtype=RingBuffer'
DEBUG StatusConsoleListener Registering MBean org.apache.logging.log4j2:type=73d16e93
DEBUG StatusConsoleListener Registering MBean org.apache.logging.log4j2:type=73d16e93,component=StatusLogger
DEBUG StatusConsoleListener Registering MBean org.apache.logging.log4j2:type=73d16e93,component=ContextSelector
DEBUG StatusConsoleListener Registering MBean org.apache.logging.log4j2:type=73d16e93,component=Loggers,name=digital_board.digital_board
DEBUG StatusConsoleListener Registering MBean org.apache.logging.log4j2:type=73d16e93,component=Loggers,name=
DEBUG StatusConsoleListener Registering MBean org.apache.logging.log4j2:type=73d16e93,component=Appenders,name=dbLogsStore
DEBUG StatusConsoleListener Registering MBean org.apache.logging.log4j2:type=73d16e93,component=Appenders,name=ConsoleOutput
DEBUG StatusConsoleListener Registering MBean org.apache.logging.log4j2:type=73d16e93,component=Appenders,name=File
TRACE StatusConsoleListener Using DummyNanoClock for nanosecond timestamps.
DEBUG StatusConsoleListener Reconfiguration complete for context[name=73d16e93] at URI D:\Resume Projects\digital_notice_board\Backend\target\classes\log4j2.xml (org.apache.logging.log4j.core.LoggerContext@6c5945a7) with optional ClassLoader: null

  .   ____          _            __ _ _
 /\\ / ___'_ __ _ _(_)_ __  __ _ \ \ \ \
( ( )\___ | '_ | '_| | '_ \/ _` | \ \ \ \
 \\/  ___)| |_)| | | | | || (_| |  ) ) ) )
  '  |____| .__|_| |_|_| |_\__, | / / / /
 =========|_|==============|___/=/_/_/_/
 :: Spring Boot ::                (v3.1.5)

&amp#27;[34m2024-06-25T11:22:33,621&amp#27;[m &amp#27;[32mINFO &amp#27;[m [&amp#27;[1;33mbackground-preinit&amp#27;[m] : &amp#27;[36mHV000001: Hibernate Validator 8.0.1.Final&amp#27;[m
&amp#27;[34m2024-06-25T11:22:33,634&amp#27;[m &amp#27;[33mWARN &amp#27;[m [&amp#27;[1;33mmain&amp#27;[m] : &amp#27;[36m

Found multiple occurrences of org.json.JSONObject on the class path:

	jar:file:/C:/Users/Hp/.m2/repository/com/vaadin/external/google/android-json/0.0.20131108.vaadin1/android-json-0.0.20131108.vaadin1.jar!/org/json/JSONObject.class
	jar:file:/C:/Users/Hp/.m2/repository/org/json/json/20231013/json-20231013.jar!/org/json/JSONObject.class

You may wish to exclude one of them to ensure predictable runtime behavior
&amp#27;[m
&amp#27;[34m2024-06-25T11:22:33,716&amp#27;[m &amp#27;[32mINFO &amp#27;[m [&amp#27;[1;33mmain&amp#27;[m] : &amp#27;[36mStarting DigitalBoardApplicationTests using Java 17.0.2 with PID 8712 (started by Hp in D:\Resume Projects\digital_notice_board\Backend)&amp#27;[m
&amp#27;[34m2024-06-25T11:22:33,747&amp#27;[m &amp#27;[32mINFO &amp#27;[m [&amp#27;[1;33mmain&amp#27;[m] : &amp#27;[36mNo active profile set, falling back to 1 default profile: "default"&amp#27;[m
&amp#27;[34m2024-06-25T11:22:38,661&amp#27;[m &amp#27;[32mINFO &amp#27;[m [&amp#27;[1;33mmain&amp#27;[m] : &amp#27;[36mBootstrapping Spring Data JPA repositories in DEFAULT mode.&amp#27;[m
&amp#27;[34m2024-06-25T11:22:39,240&amp#27;[m &amp#27;[32mINFO &amp#27;[m [&amp#27;[1;33mmain&amp#27;[m] : &amp#27;[36mFinished Spring Data repository scanning in 517 ms. Found 4 JPA repository interfaces.&amp#27;[m
TRACE StatusConsoleListener Log4jLoggerFactory.getContext() found anchor class com.zaxxer.hikari.HikariConfig
TRACE StatusConsoleListener Log4jLoggerFactory.getContext() found anchor class com.zaxxer.hikari.HikariDataSource
&amp#27;[34m2024-06-25T11:22:41,501&amp#27;[m &amp#27;[32mINFO &amp#27;[m [&amp#27;[1;33mmain&amp#27;[m] : &amp#27;[36mHHH000204: Processing PersistenceUnitInfo [name: default]&amp#27;[m
&amp#27;[34m2024-06-25T11:22:41,696&amp#27;[m &amp#27;[32mINFO &amp#27;[m [&amp#27;[1;33mmain&amp#27;[m] : &amp#27;[36mHHH000412: Hibernate ORM core version 6.2.13.Final&amp#27;[m
&amp#27;[34m2024-06-25T11:22:41,704&amp#27;[m &amp#27;[32mINFO &amp#27;[m [&amp#27;[1;33mmain&amp#27;[m] : &amp#27;[36mHHH000406: Using bytecode reflection optimizer&amp#27;[m
&amp#27;[34m2024-06-25T11:22:42,597&amp#27;[m &amp#27;[32mINFO &amp#27;[m [&amp#27;[1;33mmain&amp#27;[m] : &amp#27;[36mNo LoadTimeWeaver setup: ignoring JPA class transformer&amp#27;[m
&amp#27;[34m2024-06-25T11:22:42,673&amp#27;[m &amp#27;[32mINFO &amp#27;[m [&amp#27;[1;33mmain&amp#27;[m] : &amp#27;[36mHikariPool-1 - Starting...&amp#27;[m
TRACE StatusConsoleListener Log4jLoggerFactory.getContext() found anchor class com.zaxxer.hikari.pool.PoolBase
TRACE StatusConsoleListener Log4jLoggerFactory.getContext() found anchor class com.zaxxer.hikari.util.DriverDataSource
TRACE StatusConsoleListener Log4jLoggerFactory.getContext() found anchor class com.zaxxer.hikari.pool.HikariPool
TRACE StatusConsoleListener Log4jLoggerFactory.getContext() found anchor class com.zaxxer.hikari.util.ConcurrentBag
TRACE StatusConsoleListener Log4jLoggerFactory.getContext() found anchor class com.zaxxer.hikari.pool.PoolEntry
&amp#27;[34m2024-06-25T11:22:46,135&amp#27;[m &amp#27;[32mINFO &amp#27;[m [&amp#27;[1;33mmain&amp#27;[m] : &amp#27;[36mHikariPool-1 - Added connection org.postgresql.jdbc.PgConnection@7535f28&amp#27;[m
&amp#27;[34m2024-06-25T11:22:46,139&amp#27;[m &amp#27;[32mINFO &amp#27;[m [&amp#27;[1;33mmain&amp#27;[m] : &amp#27;[36mHikariPool-1 - Start completed.&amp#27;[m
TRACE StatusConsoleListener Log4jLoggerFactory.getContext() found anchor class com.zaxxer.hikari.pool.ProxyLeakTask
TRACE StatusConsoleListener Log4jLoggerFactory.getContext() found anchor class com.zaxxer.hikari.pool.ProxyConnection
&amp#27;[34m2024-06-25T11:22:52,017&amp#27;[m &amp#27;[32mINFO &amp#27;[m [&amp#27;[1;33mmain&amp#27;[m] : &amp#27;[36mHHH000489: No JTA platform available (set 'hibernate.transaction.jta.platform' to enable JTA platform integration)&amp#27;[m
Hibernate: alter table if exists notice alter column important set data type boolean
&amp#27;[34m2024-06-25T11:22:53,705&amp#27;[m &amp#27;[33mWARN &amp#27;[m [&amp#27;[1;33mmain&amp#27;[m] : &amp#27;[36mGenerationTarget encountered exception accepting command : Error executing DDL "alter table if exists notice alter column important set data type boolean" via JDBC [ERROR: column "important" cannot be cast automatically to type boolean
  Hint: You might need to specify "USING important::boolean".]&amp#27;[m
org.hibernate.tool.schema.spi.CommandAcceptanceException: Error executing DDL "alter table if exists notice alter column important set data type boolean" via JDBC [ERROR: column "important" cannot be cast automatically to type boolean
  Hint: You might need to specify "USING important::boolean".]
	at org.hibernate.tool.schema.internal.exec.GenerationTargetToDatabase.accept(GenerationTargetToDatabase.java:94)
	at org.hibernate.tool.schema.internal.AbstractSchemaMigrator.applySqlString(AbstractSchemaMigrator.java:574)
	at org.hibernate.tool.schema.internal.AbstractSchemaMigrator.applySqlStrings(AbstractSchemaMigrator.java:514)
	at org.hibernate.tool.schema.internal.AbstractSchemaMigrator.migrateTable(AbstractSchemaMigrator.java:333)
	at org.hibernate.tool.schema.internal.GroupedSchemaMigratorImpl.performTablesMigration(GroupedSchemaMigratorImpl.java:84)
	at org.hibernate.tool.schema.internal.AbstractSchemaMigrator.performMigration(AbstractSchemaMigrator.java:232)
	at org.hibernate.tool.schema.internal.AbstractSchemaMigrator.doMigration(AbstractSchemaMigrator.java:117)
	at org.hibernate.tool.schema.spi.SchemaManagementToolCoordinator.performDatabaseAction(SchemaManagementToolCoordinator.java:284)
	at org.hibernate.tool.schema.spi.SchemaManagementToolCoordinator.lambda$process$5(SchemaManagementToolCoordinator.java:143)
	at java.base/java.util.HashMap.forEach(HashMap.java:1421)
	at org.hibernate.tool.schema.spi.SchemaManagementToolCoordinator.process(SchemaManagementToolCoordinator.java:140)
	at org.hibernate.boot.internal.SessionFactoryObserverForSchemaExport.sessionFactoryCreated(SessionFactoryObserverForSchemaExport.java:37)
	at org.hibernate.internal.SessionFactoryObserverChain.sessionFactoryCreated(SessionFactoryObserverChain.java:35)
	at org.hibernate.internal.SessionFactoryImpl.<init>(SessionFactoryImpl.java:293)
	at org.hibernate.boot.internal.SessionFactoryBuilderImpl.build(SessionFactoryBuilderImpl.java:444)
	at org.hibernate.jpa.boot.internal.EntityManagerFactoryBuilderImpl.build(EntityManagerFactoryBuilderImpl.java:1458)
	at org.springframework.orm.jpa.vendor.SpringHibernateJpaPersistenceProvider.createContainerEntityManagerFactory(SpringHibernateJpaPersistenceProvider.java:75)
	at org.springframework.orm.jpa.LocalContainerEntityManagerFactoryBean.createNativeEntityManagerFactory(LocalContainerEntityManagerFactoryBean.java:376)
	at org.springframework.orm.jpa.AbstractEntityManagerFactoryBean.buildNativeEntityManagerFactory(AbstractEntityManagerFactoryBean.java:409)
	at org.springframework.orm.jpa.AbstractEntityManagerFactoryBean.afterPropertiesSet(AbstractEntityManagerFactoryBean.java:396)
	at org.springframework.orm.jpa.LocalContainerEntityManagerFactoryBean.afterPropertiesSet(LocalContainerEntityManagerFactoryBean.java:352)
	at org.springframework.beans.factory.support.AbstractAutowireCapableBeanFactory.invokeInitMethods(AbstractAutowireCapableBeanFactory.java:1817)
	at org.springframework.beans.factory.support.AbstractAutowireCapableBeanFactory.initializeBean(AbstractAutowireCapableBeanFactory.java:1766)
	at org.springframework.beans.factory.support.AbstractAutowireCapableBeanFactory.doCreateBean(AbstractAutowireCapableBeanFactory.java:598)
	at org.springframework.beans.factory.support.AbstractAutowireCapableBeanFactory.createBean(AbstractAutowireCapableBeanFactory.java:520)
	at org.springframework.beans.factory.support.AbstractBeanFactory.lambda$doGetBean$0(AbstractBeanFactory.java:325)
	at org.springframework.beans.factory.support.DefaultSingletonBeanRegistry.getSingleton(DefaultSingletonBeanRegistry.java:234)
	at org.springframework.beans.factory.support.AbstractBeanFactory.doGetBean(AbstractBeanFactory.java:323)
	at org.springframework.beans.factory.support.AbstractBeanFactory.getBean(AbstractBeanFactory.java:199)
	at org.springframework.context.support.AbstractApplicationContext.getBean(AbstractApplicationContext.java:1166)
	at org.springframework.context.support.AbstractApplicationContext.finishBeanFactoryInitialization(AbstractApplicationContext.java:940)
	at org.springframework.context.support.AbstractApplicationContext.refresh(AbstractApplicationContext.java:616)
	at org.springframework.boot.SpringApplication.refresh(SpringApplication.java:738)
	at org.springframework.boot.SpringApplication.refreshContext(SpringApplication.java:440)
	at org.springframework.boot.SpringApplication.run(SpringApplication.java:316)
	at org.springframework.boot.test.context.SpringBootContextLoader.lambda$loadContext$3(SpringBootContextLoader.java:137)
	at org.springframework.util.function.ThrowingSupplier.get(ThrowingSupplier.java:58)
	at org.springframework.util.function.ThrowingSupplier.get(ThrowingSupplier.java:46)
	at org.springframework.boot.SpringApplication.withHook(SpringApplication.java:1406)
	at org.springframework.boot.test.context.SpringBootContextLoader$ContextLoaderHook.run(SpringBootContextLoader.java:545)
	at org.springframework.boot.test.context.SpringBootContextLoader.loadContext(SpringBootContextLoader.java:137)
	at org.springframework.boot.test.context.SpringBootContextLoader.loadContext(SpringBootContextLoader.java:108)
	at org.springframework.test.context.cache.DefaultCacheAwareContextLoaderDelegate.loadContextInternal(DefaultCacheAwareContextLoaderDelegate.java:187)
	at org.springframework.test.context.cache.DefaultCacheAwareContextLoaderDelegate.loadContext(DefaultCacheAwareContextLoaderDelegate.java:119)
	at org.springframework.test.context.support.DefaultTestContext.getApplicationContext(DefaultTestContext.java:127)
	at org.springframework.test.context.web.ServletTestExecutionListener.setUpRequestContextIfNecessary(ServletTestExecutionListener.java:191)
	at org.springframework.test.context.web.ServletTestExecutionListener.prepareTestInstance(ServletTestExecutionListener.java:130)
	at org.springframework.test.context.TestContextManager.prepareTestInstance(TestContextManager.java:241)
	at org.springframework.test.context.junit.jupiter.SpringExtension.postProcessTestInstance(SpringExtension.java:138)
	at org.junit.jupiter.engine.descriptor.ClassBasedTestDescriptor.lambda$invokeTestInstancePostProcessors$10(ClassBasedTestDescriptor.java:377)
	at org.junit.jupiter.engine.descriptor.ClassBasedTestDescriptor.executeAndMaskThrowable(ClassBasedTestDescriptor.java:382)
	at org.junit.jupiter.engine.descriptor.ClassBasedTestDescriptor.lambda$invokeTestInstancePostProcessors$11(ClassBasedTestDescriptor.java:377)
	at java.base/java.util.stream.ReferencePipeline$3$1.accept(ReferencePipeline.java:197)
	at java.base/java.util.stream.ReferencePipeline$2$1.accept(ReferencePipeline.java:179)
	at java.base/java.util.ArrayList$ArrayListSpliterator.forEachRemaining(ArrayList.java:1625)
	at java.base/java.util.stream.AbstractPipeline.copyInto(AbstractPipeline.java:509)
	at java.base/java.util.stream.AbstractPipeline.wrapAndCopyInto(AbstractPipeline.java:499)
	at java.base/java.util.stream.StreamSpliterators$WrappingSpliterator.forEachRemaining(StreamSpliterators.java:310)
	at java.base/java.util.stream.Streams$ConcatSpliterator.forEachRemaining(Streams.java:735)
	at java.base/java.util.stream.Streams$ConcatSpliterator.forEachRemaining(Streams.java:734)
	at java.base/java.util.stream.ReferencePipeline$Head.forEach(ReferencePipeline.java:762)
	at org.junit.jupiter.engine.descriptor.ClassBasedTestDescriptor.invokeTestInstancePostProcessors(ClassBasedTestDescriptor.java:376)
	at org.junit.jupiter.engine.descriptor.ClassBasedTestDescriptor.lambda$instantiateAndPostProcessTestInstance$6(ClassBasedTestDescriptor.java:289)
	at org.junit.platform.engine.support.hierarchical.ThrowableCollector.execute(ThrowableCollector.java:73)
	at org.junit.jupiter.engine.descriptor.ClassBasedTestDescriptor.instantiateAndPostProcessTestInstance(ClassBasedTestDescriptor.java:288)
	at org.junit.jupiter.engine.descriptor.ClassBasedTestDescriptor.lambda$testInstancesProvider$4(ClassBasedTestDescriptor.java:278)
	at java.base/java.util.Optional.orElseGet(Optional.java:364)
	at org.junit.jupiter.engine.descriptor.ClassBasedTestDescriptor.lambda$testInstancesProvider$5(ClassBasedTestDescriptor.java:277)
	at org.junit.jupiter.engine.execution.TestInstancesProvider.getTestInstances(TestInstancesProvider.java:31)
	at org.junit.jupiter.engine.descriptor.TestMethodTestDescriptor.lambda$prepare$0(TestMethodTestDescriptor.java:105)
	at org.junit.platform.engine.support.hierarchical.ThrowableCollector.execute(ThrowableCollector.java:73)
	at org.junit.jupiter.engine.descriptor.TestMethodTestDescriptor.prepare(TestMethodTestDescriptor.java:104)
	at org.junit.jupiter.engine.descriptor.TestMethodTestDescriptor.prepare(TestMethodTestDescriptor.java:68)
	at org.junit.platform.engine.support.hierarchical.NodeTestTask.lambda$prepare$2(NodeTestTask.java:123)
	at org.junit.platform.engine.support.hierarchical.ThrowableCollector.execute(ThrowableCollector.java:73)
	at org.junit.platform.engine.support.hierarchical.NodeTestTask.prepare(NodeTestTask.java:123)
	at org.junit.platform.engine.support.hierarchical.NodeTestTask.execute(NodeTestTask.java:90)
	at java.base/java.util.ArrayList.forEach(ArrayList.java:1511)
	at org.junit.platform.engine.support.hierarchical.SameThreadHierarchicalTestExecutorService.invokeAll(SameThreadHierarchicalTestExecutorService.java:41)
	at org.junit.platform.engine.support.hierarchical.NodeTestTask.lambda$executeRecursively$6(NodeTestTask.java:155)
	at org.junit.platform.engine.support.hierarchical.ThrowableCollector.execute(ThrowableCollector.java:73)
	at org.junit.platform.engine.support.hierarchical.NodeTestTask.lambda$executeRecursively$8(NodeTestTask.java:141)
	at org.junit.platform.engine.support.hierarchical.Node.around(Node.java:137)
	at org.junit.platform.engine.support.hierarchical.NodeTestTask.lambda$executeRecursively$9(NodeTestTask.java:139)
	at org.junit.platform.engine.support.hierarchical.ThrowableCollector.execute(ThrowableCollector.java:73)
	at org.junit.platform.engine.support.hierarchical.NodeTestTask.executeRecursively(NodeTestTask.java:138)
	at org.junit.platform.engine.support.hierarchical.NodeTestTask.execute(NodeTestTask.java:95)
	at java.base/java.util.ArrayList.forEach(ArrayList.java:1511)
	at org.junit.platform.engine.support.hierarchical.SameThreadHierarchicalTestExecutorService.invokeAll(SameThreadHierarchicalTestExecutorService.java:41)
	at org.junit.platform.engine.support.hierarchical.NodeTestTask.lambda$executeRecursively$6(NodeTestTask.java:155)
	at org.junit.platform.engine.support.hierarchical.ThrowableCollector.execute(ThrowableCollector.java:73)
	at org.junit.platform.engine.support.hierarchical.NodeTestTask.lambda$executeRecursively$8(NodeTestTask.java:141)
	at org.junit.platform.engine.support.hierarchical.Node.around(Node.java:137)
	at org.junit.platform.engine.support.hierarchical.NodeTestTask.lambda$executeRecursively$9(NodeTestTask.java:139)
	at org.junit.platform.engine.support.hierarchical.ThrowableCollector.execute(ThrowableCollector.java:73)
	at org.junit.platform.engine.support.hierarchical.NodeTestTask.executeRecursively(NodeTestTask.java:138)
	at org.junit.platform.engine.support.hierarchical.NodeTestTask.execute(NodeTestTask.java:95)
	at org.junit.platform.engine.support.hierarchical.SameThreadHierarchicalTestExecutorService.submit(SameThreadHierarchicalTestExecutorService.java:35)
	at org.junit.platform.engine.support.hierarchical.HierarchicalTestExecutor.execute(HierarchicalTestExecutor.java:57)
	at org.junit.platform.engine.support.hierarchical.HierarchicalTestEngine.execute(HierarchicalTestEngine.java:54)
	at org.junit.platform.launcher.core.EngineExecutionOrchestrator.execute(EngineExecutionOrchestrator.java:147)
	at org.junit.platform.launcher.core.EngineExecutionOrchestrator.execute(EngineExecutionOrchestrator.java:127)
	at org.junit.platform.launcher.core.EngineExecutionOrchestrator.execute(EngineExecutionOrchestrator.java:90)
	at org.junit.platform.launcher.core.EngineExecutionOrchestrator.lambda$execute$0(EngineExecutionOrchestrator.java:55)
	at org.junit.platform.launcher.core.EngineExecutionOrchestrator.withInterceptedStreams(EngineExecutionOrchestrator.java:102)
	at org.junit.platform.launcher.core.EngineExecutionOrchestrator.execute(EngineExecutionOrchestrator.java:54)
	at org.junit.platform.launcher.core.DefaultLauncher.execute(DefaultLauncher.java:114)
	at org.junit.platform.launcher.core.DefaultLauncher.execute(DefaultLauncher.java:86)
	at org.junit.platform.launcher.core.DefaultLauncherSession$DelegatingLauncher.execute(DefaultLauncherSession.java:86)
	at org.apache.maven.surefire.junitplatform.LazyLauncher.execute(LazyLauncher.java:50)
	at org.apache.maven.surefire.junitplatform.JUnitPlatformProvider.execute(JUnitPlatformProvider.java:184)
	at org.apache.maven.surefire.junitplatform.JUnitPlatformProvider.invokeAllTests(JUnitPlatformProvider.java:148)
	at org.apache.maven.surefire.junitplatform.JUnitPlatformProvider.invoke(JUnitPlatformProvider.java:122)
	at org.apache.maven.surefire.booter.ForkedBooter.runSuitesInProcess(ForkedBooter.java:385)
	at org.apache.maven.surefire.booter.ForkedBooter.execute(ForkedBooter.java:162)
	at org.apache.maven.surefire.booter.ForkedBooter.run(ForkedBooter.java:507)
	at org.apache.maven.surefire.booter.ForkedBooter.main(ForkedBooter.java:495)
Caused by: org.postgresql.util.PSQLException: ERROR: column "important" cannot be cast automatically to type boolean
  Hint: You might need to specify "USING important::boolean".
	at org.postgresql.core.v3.QueryExecutorImpl.receiveErrorResponse(QueryExecutorImpl.java:2712)
	at org.postgresql.core.v3.QueryExecutorImpl.processResults(QueryExecutorImpl.java:2400)
	at org.postgresql.core.v3.QueryExecutorImpl.execute(QueryExecutorImpl.java:367)
	at org.postgresql.jdbc.PgStatement.executeInternal(PgStatement.java:507)
	at org.postgresql.jdbc.PgStatement.execute(PgStatement.java:424)
	at org.postgresql.jdbc.PgStatement.executeWithFlags(PgStatement.java:344)
	at org.postgresql.jdbc.PgStatement.executeCachedSql(PgStatement.java:330)
	at org.postgresql.jdbc.PgStatement.executeWithFlags(PgStatement.java:306)
	at org.postgresql.jdbc.PgStatement.execute(PgStatement.java:301)
	at com.zaxxer.hikari.pool.ProxyStatement.execute(ProxyStatement.java:94)
	at com.zaxxer.hikari.pool.HikariProxyStatement.execute(HikariProxyStatement.java)
	at org.hibernate.tool.schema.internal.exec.GenerationTargetToDatabase.accept(GenerationTargetToDatabase.java:80)
	... 116 more
Hibernate: alter table if exists user_notification alter column status set data type boolean
&amp#27;[34m2024-06-25T11:22:54,001&amp#27;[m &amp#27;[33mWARN &amp#27;[m [&amp#27;[1;33mmain&amp#27;[m] : &amp#27;[36mGenerationTarget encountered exception accepting command : Error executing DDL "alter table if exists user_notification alter column status set data type boolean" via JDBC [ERROR: column "status" cannot be cast automatically to type boolean
  Hint: You might need to specify "USING status::boolean".]&amp#27;[m
org.hibernate.tool.schema.spi.CommandAcceptanceException: Error executing DDL "alter table if exists user_notification alter column status set data type boolean" via JDBC [ERROR: column "status" cannot be cast automatically to type boolean
  Hint: You might need to specify "USING status::boolean".]
	at org.hibernate.tool.schema.internal.exec.GenerationTargetToDatabase.accept(GenerationTargetToDatabase.java:94)
	at org.hibernate.tool.schema.internal.AbstractSchemaMigrator.applySqlString(AbstractSchemaMigrator.java:574)
	at org.hibernate.tool.schema.internal.AbstractSchemaMigrator.applySqlStrings(AbstractSchemaMigrator.java:514)
	at org.hibernate.tool.schema.internal.AbstractSchemaMigrator.migrateTable(AbstractSchemaMigrator.java:333)
	at org.hibernate.tool.schema.internal.GroupedSchemaMigratorImpl.performTablesMigration(GroupedSchemaMigratorImpl.java:84)
	at org.hibernate.tool.schema.internal.AbstractSchemaMigrator.performMigration(AbstractSchemaMigrator.java:232)
	at org.hibernate.tool.schema.internal.AbstractSchemaMigrator.doMigration(AbstractSchemaMigrator.java:117)
	at org.hibernate.tool.schema.spi.SchemaManagementToolCoordinator.performDatabaseAction(SchemaManagementToolCoordinator.java:284)
	at org.hibernate.tool.schema.spi.SchemaManagementToolCoordinator.lambda$process$5(SchemaManagementToolCoordinator.java:143)
	at java.base/java.util.HashMap.forEach(HashMap.java:1421)
	at org.hibernate.tool.schema.spi.SchemaManagementToolCoordinator.process(SchemaManagementToolCoordinator.java:140)
	at org.hibernate.boot.internal.SessionFactoryObserverForSchemaExport.sessionFactoryCreated(SessionFactoryObserverForSchemaExport.java:37)
	at org.hibernate.internal.SessionFactoryObserverChain.sessionFactoryCreated(SessionFactoryObserverChain.java:35)
	at org.hibernate.internal.SessionFactoryImpl.<init>(SessionFactoryImpl.java:293)
	at org.hibernate.boot.internal.SessionFactoryBuilderImpl.build(SessionFactoryBuilderImpl.java:444)
	at org.hibernate.jpa.boot.internal.EntityManagerFactoryBuilderImpl.build(EntityManagerFactoryBuilderImpl.java:1458)
	at org.springframework.orm.jpa.vendor.SpringHibernateJpaPersistenceProvider.createContainerEntityManagerFactory(SpringHibernateJpaPersistenceProvider.java:75)
	at org.springframework.orm.jpa.LocalContainerEntityManagerFactoryBean.createNativeEntityManagerFactory(LocalContainerEntityManagerFactoryBean.java:376)
	at org.springframework.orm.jpa.AbstractEntityManagerFactoryBean.buildNativeEntityManagerFactory(AbstractEntityManagerFactoryBean.java:409)
	at org.springframework.orm.jpa.AbstractEntityManagerFactoryBean.afterPropertiesSet(AbstractEntityManagerFactoryBean.java:396)
	at org.springframework.orm.jpa.LocalContainerEntityManagerFactoryBean.afterPropertiesSet(LocalContainerEntityManagerFactoryBean.java:352)
	at org.springframework.beans.factory.support.AbstractAutowireCapableBeanFactory.invokeInitMethods(AbstractAutowireCapableBeanFactory.java:1817)
	at org.springframework.beans.factory.support.AbstractAutowireCapableBeanFactory.initializeBean(AbstractAutowireCapableBeanFactory.java:1766)
	at org.springframework.beans.factory.support.AbstractAutowireCapableBeanFactory.doCreateBean(AbstractAutowireCapableBeanFactory.java:598)
	at org.springframework.beans.factory.support.AbstractAutowireCapableBeanFactory.createBean(AbstractAutowireCapableBeanFactory.java:520)
	at org.springframework.beans.factory.support.AbstractBeanFactory.lambda$doGetBean$0(AbstractBeanFactory.java:325)
	at org.springframework.beans.factory.support.DefaultSingletonBeanRegistry.getSingleton(DefaultSingletonBeanRegistry.java:234)
	at org.springframework.beans.factory.support.AbstractBeanFactory.doGetBean(AbstractBeanFactory.java:323)
	at org.springframework.beans.factory.support.AbstractBeanFactory.getBean(AbstractBeanFactory.java:199)
	at org.springframework.context.support.AbstractApplicationContext.getBean(AbstractApplicationContext.java:1166)
	at org.springframework.context.support.AbstractApplicationContext.finishBeanFactoryInitialization(AbstractApplicationContext.java:940)
	at org.springframework.context.support.AbstractApplicationContext.refresh(AbstractApplicationContext.java:616)
	at org.springframework.boot.SpringApplication.refresh(SpringApplication.java:738)
	at org.springframework.boot.SpringApplication.refreshContext(SpringApplication.java:440)
	at org.springframework.boot.SpringApplication.run(SpringApplication.java:316)
	at org.springframework.boot.test.context.SpringBootContextLoader.lambda$loadContext$3(SpringBootContextLoader.java:137)
	at org.springframework.util.function.ThrowingSupplier.get(ThrowingSupplier.java:58)
	at org.springframework.util.function.ThrowingSupplier.get(ThrowingSupplier.java:46)
	at org.springframework.boot.SpringApplication.withHook(SpringApplication.java:1406)
	at org.springframework.boot.test.context.SpringBootContextLoader$ContextLoaderHook.run(SpringBootContextLoader.java:545)
	at org.springframework.boot.test.context.SpringBootContextLoader.loadContext(SpringBootContextLoader.java:137)
	at org.springframework.boot.test.context.SpringBootContextLoader.loadContext(SpringBootContextLoader.java:108)
	at org.springframework.test.context.cache.DefaultCacheAwareContextLoaderDelegate.loadContextInternal(DefaultCacheAwareContextLoaderDelegate.java:187)
	at org.springframework.test.context.cache.DefaultCacheAwareContextLoaderDelegate.loadContext(DefaultCacheAwareContextLoaderDelegate.java:119)
	at org.springframework.test.context.support.DefaultTestContext.getApplicationContext(DefaultTestContext.java:127)
	at org.springframework.test.context.web.ServletTestExecutionListener.setUpRequestContextIfNecessary(ServletTestExecutionListener.java:191)
	at org.springframework.test.context.web.ServletTestExecutionListener.prepareTestInstance(ServletTestExecutionListener.java:130)
	at org.springframework.test.context.TestContextManager.prepareTestInstance(TestContextManager.java:241)
	at org.springframework.test.context.junit.jupiter.SpringExtension.postProcessTestInstance(SpringExtension.java:138)
	at org.junit.jupiter.engine.descriptor.ClassBasedTestDescriptor.lambda$invokeTestInstancePostProcessors$10(ClassBasedTestDescriptor.java:377)
	at org.junit.jupiter.engine.descriptor.ClassBasedTestDescriptor.executeAndMaskThrowable(ClassBasedTestDescriptor.java:382)
	at org.junit.jupiter.engine.descriptor.ClassBasedTestDescriptor.lambda$invokeTestInstancePostProcessors$11(ClassBasedTestDescriptor.java:377)
	at java.base/java.util.stream.ReferencePipeline$3$1.accept(ReferencePipeline.java:197)
	at java.base/java.util.stream.ReferencePipeline$2$1.accept(ReferencePipeline.java:179)
	at java.base/java.util.ArrayList$ArrayListSpliterator.forEachRemaining(ArrayList.java:1625)
	at java.base/java.util.stream.AbstractPipeline.copyInto(AbstractPipeline.java:509)
	at java.base/java.util.stream.AbstractPipeline.wrapAndCopyInto(AbstractPipeline.java:499)
	at java.base/java.util.stream.StreamSpliterators$WrappingSpliterator.forEachRemaining(StreamSpliterators.java:310)
	at java.base/java.util.stream.Streams$ConcatSpliterator.forEachRemaining(Streams.java:735)
	at java.base/java.util.stream.Streams$ConcatSpliterator.forEachRemaining(Streams.java:734)
	at java.base/java.util.stream.ReferencePipeline$Head.forEach(ReferencePipeline.java:762)
	at org.junit.jupiter.engine.descriptor.ClassBasedTestDescriptor.invokeTestInstancePostProcessors(ClassBasedTestDescriptor.java:376)
	at org.junit.jupiter.engine.descriptor.ClassBasedTestDescriptor.lambda$instantiateAndPostProcessTestInstance$6(ClassBasedTestDescriptor.java:289)
	at org.junit.platform.engine.support.hierarchical.ThrowableCollector.execute(ThrowableCollector.java:73)
	at org.junit.jupiter.engine.descriptor.ClassBasedTestDescriptor.instantiateAndPostProcessTestInstance(ClassBasedTestDescriptor.java:288)
	at org.junit.jupiter.engine.descriptor.ClassBasedTestDescriptor.lambda$testInstancesProvider$4(ClassBasedTestDescriptor.java:278)
	at java.base/java.util.Optional.orElseGet(Optional.java:364)
	at org.junit.jupiter.engine.descriptor.ClassBasedTestDescriptor.lambda$testInstancesProvider$5(ClassBasedTestDescriptor.java:277)
	at org.junit.jupiter.engine.execution.TestInstancesProvider.getTestInstances(TestInstancesProvider.java:31)
	at org.junit.jupiter.engine.descriptor.TestMethodTestDescriptor.lambda$prepare$0(TestMethodTestDescriptor.java:105)
	at org.junit.platform.engine.support.hierarchical.ThrowableCollector.execute(ThrowableCollector.java:73)
	at org.junit.jupiter.engine.descriptor.TestMethodTestDescriptor.prepare(TestMethodTestDescriptor.java:104)
	at org.junit.jupiter.engine.descriptor.TestMethodTestDescriptor.prepare(TestMethodTestDescriptor.java:68)
	at org.junit.platform.engine.support.hierarchical.NodeTestTask.lambda$prepare$2(NodeTestTask.java:123)
	at org.junit.platform.engine.support.hierarchical.ThrowableCollector.execute(ThrowableCollector.java:73)
	at org.junit.platform.engine.support.hierarchical.NodeTestTask.prepare(NodeTestTask.java:123)
	at org.junit.platform.engine.support.hierarchical.NodeTestTask.execute(NodeTestTask.java:90)
	at java.base/java.util.ArrayList.forEach(ArrayList.java:1511)
	at org.junit.platform.engine.support.hierarchical.SameThreadHierarchicalTestExecutorService.invokeAll(SameThreadHierarchicalTestExecutorService.java:41)
	at org.junit.platform.engine.support.hierarchical.NodeTestTask.lambda$executeRecursively$6(NodeTestTask.java:155)
	at org.junit.platform.engine.support.hierarchical.ThrowableCollector.execute(ThrowableCollector.java:73)
	at org.junit.platform.engine.support.hierarchical.NodeTestTask.lambda$executeRecursively$8(NodeTestTask.java:141)
	at org.junit.platform.engine.support.hierarchical.Node.around(Node.java:137)
	at org.junit.platform.engine.support.hierarchical.NodeTestTask.lambda$executeRecursively$9(NodeTestTask.java:139)
	at org.junit.platform.engine.support.hierarchical.ThrowableCollector.execute(ThrowableCollector.java:73)
	at org.junit.platform.engine.support.hierarchical.NodeTestTask.executeRecursively(NodeTestTask.java:138)
	at org.junit.platform.engine.support.hierarchical.NodeTestTask.execute(NodeTestTask.java:95)
	at java.base/java.util.ArrayList.forEach(ArrayList.java:1511)
	at org.junit.platform.engine.support.hierarchical.SameThreadHierarchicalTestExecutorService.invokeAll(SameThreadHierarchicalTestExecutorService.java:41)
	at org.junit.platform.engine.support.hierarchical.NodeTestTask.lambda$executeRecursively$6(NodeTestTask.java:155)
	at org.junit.platform.engine.support.hierarchical.ThrowableCollector.execute(ThrowableCollector.java:73)
	at org.junit.platform.engine.support.hierarchical.NodeTestTask.lambda$executeRecursively$8(NodeTestTask.java:141)
	at org.junit.platform.engine.support.hierarchical.Node.around(Node.java:137)
	at org.junit.platform.engine.support.hierarchical.NodeTestTask.lambda$executeRecursively$9(NodeTestTask.java:139)
	at org.junit.platform.engine.support.hierarchical.ThrowableCollector.execute(ThrowableCollector.java:73)
	at org.junit.platform.engine.support.hierarchical.NodeTestTask.executeRecursively(NodeTestTask.java:138)
	at org.junit.platform.engine.support.hierarchical.NodeTestTask.execute(NodeTestTask.java:95)
	at org.junit.platform.engine.support.hierarchical.SameThreadHierarchicalTestExecutorService.submit(SameThreadHierarchicalTestExecutorService.java:35)
	at org.junit.platform.engine.support.hierarchical.HierarchicalTestExecutor.execute(HierarchicalTestExecutor.java:57)
	at org.junit.platform.engine.support.hierarchical.HierarchicalTestEngine.execute(HierarchicalTestEngine.java:54)
	at org.junit.platform.launcher.core.EngineExecutionOrchestrator.execute(EngineExecutionOrchestrator.java:147)
	at org.junit.platform.launcher.core.EngineExecutionOrchestrator.execute(EngineExecutionOrchestrator.java:127)
	at org.junit.platform.launcher.core.EngineExecutionOrchestrator.execute(EngineExecutionOrchestrator.java:90)
	at org.junit.platform.launcher.core.EngineExecutionOrchestrator.lambda$execute$0(EngineExecutionOrchestrator.java:55)
	at org.junit.platform.launcher.core.EngineExecutionOrchestrator.withInterceptedStreams(EngineExecutionOrchestrator.java:102)
	at org.junit.platform.launcher.core.EngineExecutionOrchestrator.execute(EngineExecutionOrchestrator.java:54)
	at org.junit.platform.launcher.core.DefaultLauncher.execute(DefaultLauncher.java:114)
	at org.junit.platform.launcher.core.DefaultLauncher.execute(DefaultLauncher.java:86)
	at org.junit.platform.launcher.core.DefaultLauncherSession$DelegatingLauncher.execute(DefaultLauncherSession.java:86)
	at org.apache.maven.surefire.junitplatform.LazyLauncher.execute(LazyLauncher.java:50)
	at org.apache.maven.surefire.junitplatform.JUnitPlatformProvider.execute(JUnitPlatformProvider.java:184)
	at org.apache.maven.surefire.junitplatform.JUnitPlatformProvider.invokeAllTests(JUnitPlatformProvider.java:148)
	at org.apache.maven.surefire.junitplatform.JUnitPlatformProvider.invoke(JUnitPlatformProvider.java:122)
	at org.apache.maven.surefire.booter.ForkedBooter.runSuitesInProcess(ForkedBooter.java:385)
	at org.apache.maven.surefire.booter.ForkedBooter.execute(ForkedBooter.java:162)
	at org.apache.maven.surefire.booter.ForkedBooter.run(ForkedBooter.java:507)
	at org.apache.maven.surefire.booter.ForkedBooter.main(ForkedBooter.java:495)
Caused by: org.postgresql.util.PSQLException: ERROR: column "status" cannot be cast automatically to type boolean
  Hint: You might need to specify "USING status::boolean".
	at org.postgresql.core.v3.QueryExecutorImpl.receiveErrorResponse(QueryExecutorImpl.java:2712)
	at org.postgresql.core.v3.QueryExecutorImpl.processResults(QueryExecutorImpl.java:2400)
	at org.postgresql.core.v3.QueryExecutorImpl.execute(QueryExecutorImpl.java:367)
	at org.postgresql.jdbc.PgStatement.executeInternal(PgStatement.java:507)
	at org.postgresql.jdbc.PgStatement.execute(PgStatement.java:424)
	at org.postgresql.jdbc.PgStatement.executeWithFlags(PgStatement.java:344)
	at org.postgresql.jdbc.PgStatement.executeCachedSql(PgStatement.java:330)
	at org.postgresql.jdbc.PgStatement.executeWithFlags(PgStatement.java:306)
	at org.postgresql.jdbc.PgStatement.execute(PgStatement.java:301)
	at com.zaxxer.hikari.pool.ProxyStatement.execute(ProxyStatement.java:94)
	at com.zaxxer.hikari.pool.HikariProxyStatement.execute(HikariProxyStatement.java)
	at org.hibernate.tool.schema.internal.exec.GenerationTargetToDatabase.accept(GenerationTargetToDatabase.java:80)
	... 116 more
&amp#27;[34m2024-06-25T11:22:55,519&amp#27;[m &amp#27;[32mINFO &amp#27;[m [&amp#27;[1;33mmain&amp#27;[m] : &amp#27;[36mInitialized JPA EntityManagerFactory for persistence unit 'default'&amp#27;[m
TRACE StatusConsoleListener Log4jLoggerFactory.getContext() found anchor class digital_board.digital_board.Controller.NoticeController
TRACE StatusConsoleListener Log4jLoggerFactory.getContext() found anchor class digital_board.digital_board.ServiceImpl.NoticeServiceImpl
&amp#27;[34m2024-06-25T11:22:56,253&amp#27;[m &amp#27;[32mINFO &amp#27;[m [&amp#27;[1;33mmain&amp#27;[m] : &amp#27;[36mHibernate is in classpath; If applicable, HQL parser will be used.&amp#27;[m
TRACE StatusConsoleListener Log4jLoggerFactory.getContext() found anchor class digital_board.digital_board.ServiceImpl.UserNotificationServiceImpl
TRACE StatusConsoleListener Log4jLoggerFactory.getContext() found anchor class digital_board.digital_board.Controller.UserController
TRACE StatusConsoleListener Log4jLoggerFactory.getContext() found anchor class digital_board.digital_board.ServiceImpl.UserServiceImpl
TRACE StatusConsoleListener Log4jLoggerFactory.getContext() found anchor class digital_board.digital_board.Controller.UserNotificationController
TRACE StatusConsoleListener Log4jLoggerFactory.getContext() found anchor class org.springdoc.core.service.GenericResponseService
TRACE StatusConsoleListener Log4jLoggerFactory.getContext() found anchor class org.springdoc.api.AbstractOpenApiResource
TRACE StatusConsoleListener Log4jLoggerFactory.getContext() found anchor class org.springdoc.core.converters.AdditionalModelsConverter
&amp#27;[34m2024-06-25T11:23:01,475&amp#27;[m &amp#27;[33mWARN &amp#27;[m [&amp#27;[1;33mmain&amp#27;[m] : &amp#27;[36mspring.jpa.open-in-view is enabled by default. Therefore, database queries may be performed during view rendering. Explicitly configure spring.jpa.open-in-view to disable this warning&amp#27;[m
&amp#27;[34m2024-06-25T11:23:03,101&amp#27;[m &amp#27;[32mINFO &amp#27;[m [&amp#27;[1;33mmain&amp#27;[m] : &amp#27;[36mExposing 1 endpoint(s) beneath base path '/actuator'&amp#27;[m
&amp#27;[34m2024-06-25T11:23:03,148&amp#27;[m &amp#27;[32mINFO &amp#27;[m [&amp#27;[1;33mmain&amp#27;[m] : &amp#27;[36mWill secure any request with [org.springframework.security.web.session.DisableEncodeUrlFilter@7e6b0a76, org.springframework.security.web.context.request.async.WebAsyncManagerIntegrationFilter@4583b219, org.springframework.security.web.context.SecurityContextHolderFilter@4488e574, org.springframework.security.web.header.HeaderWriterFilter@2efe360c, org.springframework.web.filter.CorsFilter@4a14227a, org.springframework.security.web.authentication.logout.LogoutFilter@19f0ffba, org.springframework.security.oauth2.server.resource.web.authentication.BearerTokenAuthenticationFilter@5fda1853, org.springframework.security.web.savedrequest.RequestCacheAwareFilter@4778db1f, org.springframework.security.web.servletapi.SecurityContextHolderAwareRequestFilter@6b542f10, org.springframework.security.web.authentication.AnonymousAuthenticationFilter@4093f9c3, org.springframework.security.web.access.ExceptionTranslationFilter@1eb2d718, org.springframework.security.web.access.intercept.AuthorizationFilter@1ba0df4b]&amp#27;[m
TRACE StatusConsoleListener Log4jLoggerFactory.getContext() found anchor class org.springdoc.core.providers.WebConversionServiceProvider
TRACE StatusConsoleListener Log4jLoggerFactory.getContext() found anchor class org.springdoc.core.utils.PropertyResolverUtils
TRACE StatusConsoleListener Log4jLoggerFactory.getContext() found anchor class org.springdoc.core.service.OpenAPIService
TRACE StatusConsoleListener Log4jLoggerFactory.getContext() found anchor class io.swagger.v3.core.converter.ModelConverters
TRACE StatusConsoleListener Log4jLoggerFactory.getContext() found anchor class io.swagger.v3.core.jackson.ModelResolver
TRACE StatusConsoleListener Log4jLoggerFactory.getContext() found anchor class org.springdoc.core.converters.ModelConverterRegistrar
TRACE StatusConsoleListener Log4jLoggerFactory.getContext() found anchor class org.springdoc.core.customizers.DataRestDelegatingMethodParameterCustomizer
TRACE StatusConsoleListener Log4jLoggerFactory.getContext() found anchor class org.springdoc.core.service.GenericParameterService
TRACE StatusConsoleListener Log4jLoggerFactory.getContext() found anchor class org.springdoc.core.configuration.SpringDocSecurityConfiguration
TRACE StatusConsoleListener Log4jLoggerFactory.getContext() found anchor class io.swagger.v3.core.util.AnnotationsUtils
TRACE StatusConsoleListener Log4jLoggerFactory.getContext() found anchor class org.springdoc.core.utils.SpringDocAnnotationsUtils
TRACE StatusConsoleListener Log4jLoggerFactory.getContext() found anchor class io.micrometer.common.util.internal.logging.Slf4JLoggerFactory
TRACE StatusConsoleListener Log4jLoggerFactory.getContext() found anchor class io.micrometer.common.util.internal.logging.Slf4JLoggerFactory
TRACE StatusConsoleListener Log4jLoggerFactory.getContext() found anchor class io.micrometer.common.util.internal.logging.Slf4JLoggerFactory
TRACE StatusConsoleListener Log4jLoggerFactory.getContext() found anchor class io.micrometer.common.util.internal.logging.Slf4JLoggerFactory
run notice completed
&amp#27;[34m2024-06-25T11:23:04,890&amp#27;[m &amp#27;[32mINFO &amp#27;[m [&amp#27;[1;33mmain&amp#27;[m] : &amp#27;[36mStarted DigitalBoardApplicationTests in 31.898 seconds (process running for 36.074)&amp#27;[m
Hibernate: update notice set status='completed' where localtimestamp>=notice_end_date and (status='completed' or status not in ('disable','completed'))
Hibernate: select e1_0.exception_id,e1_0.excepton_name,e1_0.massage from exception_response e1_0
Hibernate: update notice set status='enable' where localtimestamp>=notice_start_date and localtimestamp<=notice_end_date and status='draft'
Specific Message: Notice Created Failure!
]]></system-out>
  </testcase>
</testsuite>